
*** Running vivado
    with args -log logik.vds -m64 -product Vivado -mode batch -messageDb vivado.pb -notrace -source logik.tcl

/home/user/Xilinx/Vivado/2023.2/bin/unwrapped/lnx64.o/vivado
-log logik.vds -product Vivado -mode batch -messageDb vivado.pb -notrace -source logik.tcl

****** Vivado v2023.2 (64-bit)
  **** SW Build 4029153 on Fri Oct 13 20:13:54 MDT 2023
  **** IP Build 4028589 on Sat Oct 14 00:45:43 MDT 2023
  **** SharedData Build 4025554 on Tue Oct 10 17:18:54 MDT 2023
    ** Copyright 1986-2022 Xilinx, Inc. All Rights Reserved.
    ** Copyright 2022-2023 Advanced Micro Devices, Inc. All Rights Reserved.

source logik.tcl -notrace
create_project: Time (s): cpu = 00:00:09 ; elapsed = 00:00:10 . Memory (MB): peak = 1820.684 ; gain = 72.988 ; free physical = 3911 ; free virtual = 9740
Command: read_checkpoint -auto_incremental -incremental /home/user/Projects/Eksamen/Reeksamen2023/Eksamen2022.srcs/utils_1/imports/synth_1/logik.dcp
INFO: [Vivado 12-5825] Read reference checkpoint from /home/user/Projects/Eksamen/Reeksamen2023/Eksamen2022.srcs/utils_1/imports/synth_1/logik.dcp for incremental synthesis
INFO: [Vivado 12-7989] Please ensure there are no constraint changes
Command: synth_design -top logik -part xc7z010clg400-1
Starting synth_design
Attempting to get a license for feature 'Synthesis' and/or device 'xc7z010'
INFO: [Common 17-349] Got license for feature 'Synthesis' and/or device 'xc7z010'
INFO: [Designutils 20-5440] No compile time benefit to using incremental synthesis; A full resynthesis will be run
INFO: [Designutils 20-4379] Flow is switching to default flow due to incremental criteria not met. If you would like to alter this behaviour and have the flow terminate instead, please set the following parameter config_implementation {autoIncr.Synth.RejectBehavior Terminate}
INFO: [Synth 8-7079] Multithreading enabled for synth_design using a maximum of 4 processes.
INFO: [Synth 8-7078] Launching helper process for spawning children vivado processes
INFO: [Synth 8-7075] Helper process launched with PID 1865
---------------------------------------------------------------------------------
Starting Synthesize : Time (s): cpu = 00:00:04 ; elapsed = 00:00:04 . Memory (MB): peak = 2246.859 ; gain = 408.934 ; free physical = 3552 ; free virtual = 9162
---------------------------------------------------------------------------------
INFO: [Synth 8-638] synthesizing module 'logik' [/home/user/Projects/Eksamen/Reeksamen2023/Eksamen2022.srcs/sources_1/new/Logik.vhd:42]
INFO: [Synth 8-256] done synthesizing module 'logik' (0#1) [/home/user/Projects/Eksamen/Reeksamen2023/Eksamen2022.srcs/sources_1/new/Logik.vhd:42]
WARNING: [Synth 8-7129] Port i[1] in module logik is either unconnected or has no load
WARNING: [Synth 8-7129] Port i[0] in module logik is either unconnected or has no load
---------------------------------------------------------------------------------
Finished Synthesize : Time (s): cpu = 00:00:06 ; elapsed = 00:00:07 . Memory (MB): peak = 2323.273 ; gain = 485.348 ; free physical = 3005 ; free virtual = 8833
---------------------------------------------------------------------------------
---------------------------------------------------------------------------------
Finished Constraint Validation : Time (s): cpu = 00:00:06 ; elapsed = 00:00:07 . Memory (MB): peak = 2341.219 ; gain = 503.293 ; free physical = 3004 ; free virtual = 8833
---------------------------------------------------------------------------------
---------------------------------------------------------------------------------
Start Loading Part and Timing Information
---------------------------------------------------------------------------------
Loading part: xc7z010clg400-1
---------------------------------------------------------------------------------
Finished Loading Part and Timing Information : Time (s): cpu = 00:00:06 ; elapsed = 00:00:07 . Memory (MB): peak = 2349.285 ; gain = 511.359 ; free physical = 3004 ; free virtual = 8833
---------------------------------------------------------------------------------
INFO: [Device 21-403] Loading part xc7z010clg400-1
---------------------------------------------------------------------------------
Finished RTL Optimization Phase 2 : Time (s): cpu = 00:00:07 ; elapsed = 00:00:08 . Memory (MB): peak = 2361.012 ; gain = 523.086 ; free physical = 2991 ; free virtual = 8820
---------------------------------------------------------------------------------
No constraint files found.
---------------------------------------------------------------------------------
Start RTL Component Statistics 
---------------------------------------------------------------------------------
Detailed RTL Component Info : 
---------------------------------------------------------------------------------
Finished RTL Component Statistics 
---------------------------------------------------------------------------------
---------------------------------------------------------------------------------
Start Part Resource Summary
---------------------------------------------------------------------------------
Part Resources:
DSPs: 80 (col length:40)
BRAMs: 120 (col length: RAMB18 40 RAMB36 20)
---------------------------------------------------------------------------------
Finished Part Resource Summary
---------------------------------------------------------------------------------
No constraint files found.
---------------------------------------------------------------------------------
Start Cross Boundary and Area Optimization
---------------------------------------------------------------------------------
WARNING: [Synth 8-7080] Parallel synthesis criteria is not met
WARNING: [Synth 8-7129] Port i[1] in module logik is either unconnected or has no load
WARNING: [Synth 8-7129] Port i[0] in module logik is either unconnected or has no load
---------------------------------------------------------------------------------
Finished Cross Boundary and Area Optimization : Time (s): cpu = 00:00:11 ; elapsed = 00:00:14 . Memory (MB): peak = 2519.488 ; gain = 681.562 ; free physical = 2762 ; free virtual = 8624
---------------------------------------------------------------------------------
No constraint files found.
---------------------------------------------------------------------------------
Start Timing Optimization
---------------------------------------------------------------------------------
---------------------------------------------------------------------------------
Finished Timing Optimization : Time (s): cpu = 00:00:11 ; elapsed = 00:00:15 . Memory (MB): peak = 2519.598 ; gain = 681.672 ; free physical = 2760 ; free virtual = 8622
---------------------------------------------------------------------------------
---------------------------------------------------------------------------------
Start Technology Mapping
---------------------------------------------------------------------------------
---------------------------------------------------------------------------------
Finished Technology Mapping : Time (s): cpu = 00:00:11 ; elapsed = 00:00:15 . Memory (MB): peak = 2519.727 ; gain = 681.801 ; free physical = 2754 ; free virtual = 8616
---------------------------------------------------------------------------------
---------------------------------------------------------------------------------
Start IO Insertion
---------------------------------------------------------------------------------
---------------------------------------------------------------------------------
Start Flattening Before IO Insertion
---------------------------------------------------------------------------------
---------------------------------------------------------------------------------
Finished Flattening Before IO Insertion
---------------------------------------------------------------------------------
---------------------------------------------------------------------------------
Start Final Netlist Cleanup
---------------------------------------------------------------------------------
---------------------------------------------------------------------------------
Finished Final Netlist Cleanup
---------------------------------------------------------------------------------
---------------------------------------------------------------------------------
Finished IO Insertion : Time (s): cpu = 00:00:15 ; elapsed = 00:00:18 . Memory (MB): peak = 2519.840 ; gain = 681.914 ; free physical = 2752 ; free virtual = 8614
---------------------------------------------------------------------------------
---------------------------------------------------------------------------------
Start Renaming Generated Instances
---------------------------------------------------------------------------------
---------------------------------------------------------------------------------
Finished Renaming Generated Instances : Time (s): cpu = 00:00:15 ; elapsed = 00:00:18 . Memory (MB): peak = 2519.855 ; gain = 681.930 ; free physical = 2752 ; free virtual = 8614
---------------------------------------------------------------------------------
---------------------------------------------------------------------------------
Start Rebuilding User Hierarchy
---------------------------------------------------------------------------------
---------------------------------------------------------------------------------
Finished Rebuilding User Hierarchy : Time (s): cpu = 00:00:15 ; elapsed = 00:00:18 . Memory (MB): peak = 2519.910 ; gain = 681.984 ; free physical = 2751 ; free virtual = 8614
---------------------------------------------------------------------------------
---------------------------------------------------------------------------------
Start Renaming Generated Ports
---------------------------------------------------------------------------------
---------------------------------------------------------------------------------
Finished Renaming Generated Ports : Time (s): cpu = 00:00:15 ; elapsed = 00:00:18 . Memory (MB): peak = 2519.922 ; gain = 681.996 ; free physical = 2751 ; free virtual = 8614
---------------------------------------------------------------------------------
---------------------------------------------------------------------------------
Start Handling Custom Attributes
---------------------------------------------------------------------------------
---------------------------------------------------------------------------------
Finished Handling Custom Attributes : Time (s): cpu = 00:00:15 ; elapsed = 00:00:18 . Memory (MB): peak = 2519.938 ; gain = 682.012 ; free physical = 2751 ; free virtual = 8614
---------------------------------------------------------------------------------
---------------------------------------------------------------------------------
Start Renaming Generated Nets
---------------------------------------------------------------------------------
---------------------------------------------------------------------------------
Finished Renaming Generated Nets : Time (s): cpu = 00:00:15 ; elapsed = 00:00:18 . Memory (MB): peak = 2519.941 ; gain = 682.016 ; free physical = 2751 ; free virtual = 8614
---------------------------------------------------------------------------------
---------------------------------------------------------------------------------
Start Writing Synthesis Report
---------------------------------------------------------------------------------

Report BlackBoxes: 
+-+--------------+----------+
| |BlackBox name |Instances |
+-+--------------+----------+
+-+--------------+----------+

Report Cell Usage: 
+------+------+------+
|      |Cell  |Count |
+------+------+------+
|1     |LUT1  |     1|
|2     |IBUF  |     2|
|3     |OBUFT |     2|
+------+------+------+

Report Instance Areas: 
+------+---------+-------+------+
|      |Instance |Module |Cells |
+------+---------+-------+------+
|1     |top      |       |     5|
+------+---------+-------+------+
---------------------------------------------------------------------------------
Finished Writing Synthesis Report : Time (s): cpu = 00:00:15 ; elapsed = 00:00:18 . Memory (MB): peak = 2519.977 ; gain = 682.051 ; free physical = 2751 ; free virtual = 8614
---------------------------------------------------------------------------------
Synthesis finished with 0 errors, 0 critical warnings and 5 warnings.
Synthesis Optimization Runtime : Time (s): cpu = 00:00:15 ; elapsed = 00:00:18 . Memory (MB): peak = 2520.004 ; gain = 682.078 ; free physical = 2751 ; free virtual = 8613
Synthesis Optimization Complete : Time (s): cpu = 00:00:15 ; elapsed = 00:00:18 . Memory (MB): peak = 2520.016 ; gain = 682.082 ; free physical = 2751 ; free virtual = 8613
INFO: [Project 1-571] Translating synthesized netlist
Netlist sorting complete. Time (s): cpu = 00:00:00 ; elapsed = 00:00:00.01 . Memory (MB): peak = 2526.957 ; gain = 0.043 ; free physical = 3091 ; free virtual = 8963
INFO: [Project 1-570] Preparing netlist for logic optimization
INFO: [Opt 31-138] Pushed 0 inverter(s) to 0 load pin(s).
Netlist sorting complete. Time (s): cpu = 00:00:00 ; elapsed = 00:00:00 . Memory (MB): peak = 2617.293 ; gain = 0.000 ; free physical = 2990 ; free virtual = 8876
INFO: [Project 1-111] Unisim Transformation Summary:
No Unisim elements were transformed.

Synth Design complete | Checksum: 6f225dbb
INFO: [Common 17-83] Releasing license: Synthesis
16 Infos, 5 Warnings, 0 Critical Warnings and 0 Errors encountered.
synth_design completed successfully
synth_design: Time (s): cpu = 00:00:22 ; elapsed = 00:00:21 . Memory (MB): peak = 2619.520 ; gain = 792.156 ; free physical = 2983 ; free virtual = 8869
INFO: [Common 17-2834] synth_design peak Physical Memory [PSS] (MB): overall = 1912.817; main = 1635.561; forked = 563.448
INFO: [Common 17-2834] synth_design peak Virtual Memory [VSS] (MB): overall = 4428.863; main = 2617.582; forked = 2028.191
Write ShapeDB Complete: Time (s): cpu = 00:00:00.02 ; elapsed = 00:00:00.02 . Memory (MB): peak = 2642.543 ; gain = 0.000 ; free physical = 2983 ; free virtual = 8869
INFO: [Common 17-1381] The checkpoint '/home/user/Projects/Eksamen/Reeksamen2023/Eksamen2022.runs/synth_1/logik.dcp' has been generated.
INFO: [runtcl-4] Executing : report_utilization -file logik_utilization_synth.rpt -pb logik_utilization_synth.pb
INFO: [Common 17-206] Exiting Vivado at Thu May 30 09:00:49 2024...
