This is pdfTeX, Version 3.141592653-2.6-1.40.26 (TeX Live 2024) (preloaded format=pdflatex 2025.2.4)  26 FEB 2025 22:56
entering extended mode
 \write18 enabled.
 file:line:error style messages enabled.
 %&-line parsing enabled.
**"/Users/jesperbertelsen/Desktop/Crazy/Uni/6. Semester/Diskrete-tids signalbehandling/Opgaver/Latex/Oplæsning.tex"
(/Users/jesperbertelsen/Desktop/Crazy/Uni/6. Semester/Diskrete-tids signalbehandling/Opgaver/Latex/Oplæsning.tex
LaTeX2e <2023-11-01> patch level 1
L3 programming layer <2024-02-20>
(/usr/local/texlive/2024/texmf-dist/tex/latex/base/article.cls
Document Class: article 2023/05/17 v1.4n Standard LaTeX document class
(/usr/local/texlive/2024/texmf-dist/tex/latex/base/size10.clo
File: size10.clo 2023/05/17 v1.4n Standard LaTeX file (size option)
)
\c@part=\count188
\c@section=\count189
\c@subsection=\count190
\c@subsubsection=\count191
\c@paragraph=\count192
\c@subparagraph=\count193
\c@figure=\count194
\c@table=\count195
\abovecaptionskip=\skip48
\belowcaptionskip=\skip49
\bibindent=\dimen140
) (/usr/local/texlive/2024/texmf-dist/tex/latex/pgf/utilities/pgffor.sty (/usr/local/texlive/2024/texmf-dist/tex/latex/pgf/utilities/pgfrcs.sty (/usr/local/texlive/2024/texmf-dist/tex/generic/pgf/utilities/pgfutil-common.tex
\pgfutil@everybye=\toks17
\pgfutil@tempdima=\dimen141
\pgfutil@tempdimb=\dimen142
) (/usr/local/texlive/2024/texmf-dist/tex/generic/pgf/utilities/pgfutil-latex.def
\pgfutil@abb=\box51
) (/usr/local/texlive/2024/texmf-dist/tex/generic/pgf/utilities/pgfrcs.code.tex (/usr/local/texlive/2024/texmf-dist/tex/generic/pgf/pgf.revision.tex)
Package: pgfrcs 2023-01-15 v3.1.10 (3.1.10)
)) (/usr/local/texlive/2024/texmf-dist/tex/latex/pgf/utilities/pgfkeys.sty (/usr/local/texlive/2024/texmf-dist/tex/generic/pgf/utilities/pgfkeys.code.tex
\pgfkeys@pathtoks=\toks18
\pgfkeys@temptoks=\toks19
 (/usr/local/texlive/2024/texmf-dist/tex/generic/pgf/utilities/pgfkeyslibraryfiltered.code.tex
\pgfkeys@tmptoks=\toks20
))) (/usr/local/texlive/2024/texmf-dist/tex/latex/pgf/math/pgfmath.sty (/usr/local/texlive/2024/texmf-dist/tex/generic/pgf/math/pgfmath.code.tex (/usr/local/texlive/2024/texmf-dist/tex/generic/pgf/math/pgfmathutil.code.tex
\pgf@x=\dimen143
\pgf@xa=\dimen144
\pgf@xb=\dimen145
\pgf@xc=\dimen146
\pgf@y=\dimen147
\pgf@ya=\dimen148
\pgf@yb=\dimen149
\pgf@yc=\dimen150
\c@pgf@counta=\count196
\c@pgf@countb=\count197
\c@pgf@countc=\count198
\c@pgf@countd=\count199
) (/usr/local/texlive/2024/texmf-dist/tex/generic/pgf/math/pgfmathparser.code.tex
\pgfmath@dimen=\dimen151
\pgfmath@count=\count266
\pgfmath@box=\box52
\pgfmath@toks=\toks21
\pgfmath@stack@operand=\toks22
\pgfmath@stack@operation=\toks23
) (/usr/local/texlive/2024/texmf-dist/tex/generic/pgf/math/pgfmathfunctions.code.tex) (/usr/local/texlive/2024/texmf-dist/tex/generic/pgf/math/pgfmathfunctions.basic.code.tex) (/usr/local/texlive/2024/texmf-dist/tex/generic/pgf/math/pgfmathfunctions.trigonometric.code.tex) (/usr/local/texlive/2024/texmf-dist/tex/generic/pgf/math/pgfmathfunctions.random.code.tex) (/usr/local/texlive/2024/texmf-dist/tex/generic/pgf/math/pgfmathfunctions.comparison.code.tex) (/usr/local/texlive/2024/texmf-dist/tex/generic/pgf/math/pgfmathfunctions.base.code.tex) (/usr/local/texlive/2024/texmf-dist/tex/generic/pgf/math/pgfmathfunctions.round.code.tex) (/usr/local/texlive/2024/texmf-dist/tex/generic/pgf/math/pgfmathfunctions.misc.code.tex) (/usr/local/texlive/2024/texmf-dist/tex/generic/pgf/math/pgfmathfunctions.integerarithmetics.code.tex) (/usr/local/texlive/2024/texmf-dist/tex/generic/pgf/math/pgfmathcalc.code.tex) (/usr/local/texlive/2024/texmf-dist/tex/generic/pgf/math/pgfmathfloat.code.tex
\c@pgfmathroundto@lastzeros=\count267
))) (/usr/local/texlive/2024/texmf-dist/tex/generic/pgf/utilities/pgffor.code.tex
Package: pgffor 2023-01-15 v3.1.10 (3.1.10)
\pgffor@iter=\dimen152
\pgffor@skip=\dimen153
\pgffor@stack=\toks24
\pgffor@toks=\toks25
)) (/usr/local/texlive/2024/texmf-dist/tex/latex/siunitx/siunitx.sty
Package: siunitx 2024-02-15 v3.3.12 A comprehensive (SI) units package
\l__siunitx_number_uncert_offset_int=\count268
\l__siunitx_number_exponent_fixed_int=\count269
\l__siunitx_number_min_decimal_int=\count270
\l__siunitx_number_min_integer_int=\count271
\l__siunitx_number_round_precision_int=\count272
\l__siunitx_number_lower_threshold_int=\count273
\l__siunitx_number_upper_threshold_int=\count274
\l__siunitx_number_group_first_int=\count275
\l__siunitx_number_group_size_int=\count276
\l__siunitx_number_group_minimum_int=\count277
\l__siunitx_angle_tmp_dim=\dimen154
\l__siunitx_angle_marker_box=\box53
\l__siunitx_angle_unit_box=\box54
\l__siunitx_compound_count_int=\count278
 (/usr/local/texlive/2024/texmf-dist/tex/latex/translations/translations.sty
Package: translations 2022/02/05 v1.12 internationalization of LaTeX2e packages (CN)
 (/usr/local/texlive/2024/texmf-dist/tex/latex/etoolbox/etoolbox.sty
Package: etoolbox 2020/10/05 v2.5k e-TeX tools for LaTeX (JAW)
\etb@tempcnta=\count279
) (/usr/local/texlive/2024/texmf-dist/tex/generic/pdftexcmds/pdftexcmds.sty
Package: pdftexcmds 2020-06-27 v0.33 Utility functions of pdfTeX for LuaTeX (HO)
 (/usr/local/texlive/2024/texmf-dist/tex/generic/infwarerr/infwarerr.sty
Package: infwarerr 2019/12/03 v1.5 Providing info/warning/error messages (HO)
) (/usr/local/texlive/2024/texmf-dist/tex/generic/iftex/iftex.sty
Package: iftex 2022/02/03 v1.0f TeX engine tests
) (/usr/local/texlive/2024/texmf-dist/tex/generic/ltxcmds/ltxcmds.sty
Package: ltxcmds 2023-12-04 v1.26 LaTeX kernel commands for general use (HO)
)
Package pdftexcmds Info: \pdf@primitive is available.
Package pdftexcmds Info: \pdf@ifprimitive is available.
Package pdftexcmds Info: \pdfdraftmode found.
)) (/usr/local/texlive/2024/texmf-dist/tex/latex/amsmath/amstext.sty
Package: amstext 2021/08/26 v2.01 AMS text
 (/usr/local/texlive/2024/texmf-dist/tex/latex/amsmath/amsgen.sty
File: amsgen.sty 1999/11/30 v2.0 generic functions
\@emptytoks=\toks26
\ex@=\dimen155
))
\l__siunitx_table_tmp_box=\box55
\l__siunitx_table_tmp_dim=\dimen156
\l__siunitx_table_column_width_dim=\dimen157
\l__siunitx_table_integer_box=\box56
\l__siunitx_table_decimal_box=\box57
\l__siunitx_table_uncert_box=\box58
\l__siunitx_table_before_box=\box59
\l__siunitx_table_after_box=\box60
\l__siunitx_table_before_dim=\dimen158
\l__siunitx_table_carry_dim=\dimen159
\l__siunitx_unit_tmp_int=\count280
\l__siunitx_unit_position_int=\count281
\l__siunitx_unit_total_int=\count282
 (/usr/local/texlive/2024/texmf-dist/tex/latex/tools/array.sty
Package: array 2023/10/16 v2.5g Tabular extension package (FMi)
\col@sep=\dimen160
\ar@mcellbox=\box61
\extrarowheight=\dimen161
\NC@list=\toks27
\extratabsurround=\skip50
\backup@length=\skip51
\ar@cellbox=\box62
)) (/usr/local/texlive/2024/texmf-dist/tex/latex/import/import.sty
Package: import 2020/04/01  v 6.2
) (/usr/local/texlive/2024/texmf-dist/tex/latex/graphics/graphicx.sty
Package: graphicx 2021/09/16 v1.2d Enhanced LaTeX Graphics (DPC,SPQR)
 (/usr/local/texlive/2024/texmf-dist/tex/latex/graphics/keyval.sty
Package: keyval 2022/05/29 v1.15 key=value parser (DPC)
\KV@toks@=\toks28
) (/usr/local/texlive/2024/texmf-dist/tex/latex/graphics/graphics.sty
Package: graphics 2022/03/10 v1.4e Standard LaTeX Graphics (DPC,SPQR)
 (/usr/local/texlive/2024/texmf-dist/tex/latex/graphics/trig.sty
Package: trig 2021/08/11 v1.11 sin cos tan (DPC)
) (/usr/local/texlive/2024/texmf-dist/tex/latex/graphics-cfg/graphics.cfg
File: graphics.cfg 2016/06/04 v1.11 sample graphics configuration
)
Package graphics Info: Driver file: pdftex.def on input line 107.
 (/usr/local/texlive/2024/texmf-dist/tex/latex/graphics-def/pdftex.def
File: pdftex.def 2022/09/22 v1.2b Graphics/color driver for pdftex
))
\Gin@req@height=\dimen162
\Gin@req@width=\dimen163
) (/usr/local/texlive/2024/texmf-dist/tex/latex/svg/svg.sty
Package: svg 2020/11/26 v2.02k (include SVG pictures)
 (/usr/local/texlive/2024/texmf-dist/tex/latex/koma-script/scrbase.sty
Package: scrbase 2023/07/07 v3.41 KOMA-Script package (KOMA-Script-independent basics and keyval usage)
 (/usr/local/texlive/2024/texmf-dist/tex/latex/koma-script/scrlfile.sty
Package: scrlfile 2023/07/07 v3.41 KOMA-Script package (file load hooks)
 (/usr/local/texlive/2024/texmf-dist/tex/latex/koma-script/scrlfile-hook.sty
Package: scrlfile-hook 2023/07/07 v3.41 KOMA-Script package (using LaTeX hooks)
 (/usr/local/texlive/2024/texmf-dist/tex/latex/koma-script/scrlogo.sty
Package: scrlogo 2023/07/07 v3.41 KOMA-Script package (logo)
)))
Applying: [2021/05/01] Usage of raw or classic option list on input line 252.
Already applied: [0000/00/00] Usage of raw or classic option list on input line 368.
) (/usr/local/texlive/2024/texmf-dist/tex/latex/trimspaces/trimspaces.sty
Package: trimspaces 2009/09/17 v1.1 Trim spaces around a token list
) (/usr/local/texlive/2024/texmf-dist/tex/latex/tools/shellesc.sty
Package: shellesc 2023/07/08 v1.0d unified shell escape interface for LaTeX
Package shellesc Info: Unrestricted shell escape enabled on input line 75.
) (/usr/local/texlive/2024/texmf-dist/tex/latex/ifplatform/ifplatform.sty
Package: ifplatform 2017/10/13 v0.4a Testing for the operating system
 (/usr/local/texlive/2024/texmf-dist/tex/generic/catchfile/catchfile.sty
Package: catchfile 2019/12/09 v1.8 Catch the contents of a file (HO)
 (/usr/local/texlive/2024/texmf-dist/tex/generic/etexcmds/etexcmds.sty
Package: etexcmds 2019/12/15 v1.7 Avoid name clashes with e-TeX commands (HO)
)) (/usr/local/texlive/2024/texmf-dist/tex/generic/iftex/ifluatex.sty
Package: ifluatex 2019/10/25 v1.5 ifluatex legacy package. Use iftex instead.
)
runsystem(uname -s > "Oplæsning.w18")...executed.

 (./Oplæsning.w18)
runsystem(rm -- "Oplæsning.w18")...executed.

)
\c@svg@param@lastpage=\count283
\svg@box=\box63
\c@svg@param@currpage=\count284
) (/usr/local/texlive/2024/texmf-dist/tex/latex/xcolor/xcolor.sty
Package: xcolor 2023/11/15 v3.01 LaTeX color extensions (UK)
 (/usr/local/texlive/2024/texmf-dist/tex/latex/graphics-cfg/color.cfg
File: color.cfg 2016/01/02 v1.6 sample color configuration
)
Package xcolor Info: Driver file: pdftex.def on input line 274.
 (/usr/local/texlive/2024/texmf-dist/tex/latex/graphics/mathcolor.ltx)
Package xcolor Info: Model `cmy' substituted by `cmy0' on input line 1350.
Package xcolor Info: Model `hsb' substituted by `rgb' on input line 1354.
Package xcolor Info: Model `RGB' extended on input line 1366.
Package xcolor Info: Model `HTML' substituted by `rgb' on input line 1368.
Package xcolor Info: Model `Hsb' substituted by `hsb' on input line 1369.
Package xcolor Info: Model `tHsb' substituted by `hsb' on input line 1370.
Package xcolor Info: Model `HSB' substituted by `hsb' on input line 1371.
Package xcolor Info: Model `Gray' substituted by `gray' on input line 1372.
Package xcolor Info: Model `wave' substituted by `hsb' on input line 1373.
) (/usr/local/texlive/2024/texmf-dist/tex/latex/transparent/transparent.sty
Package: transparent 2022-10-27 v1.5 Transparency with color stacks
 (/usr/local/texlive/2024/texmf-dist/tex/latex/transparent/transparent-nometadata.sty
Package: transparent-nometadata 2022-10-27 v1.5 Transparency via pdfTeX's color stack (HO)
 (/usr/local/texlive/2024/texmf-dist/tex/latex/auxhook/auxhook.sty
Package: auxhook 2019-12-17 v1.6 Hooks for auxiliary files (HO)
))) (/usr/local/texlive/2024/texmf-dist/tex/latex/pgf/systemlayer/pgfsys.sty (/usr/local/texlive/2024/texmf-dist/tex/generic/pgf/systemlayer/pgfsys.code.tex
Package: pgfsys 2023-01-15 v3.1.10 (3.1.10)
\pgf@x=\dimen164
\pgf@y=\dimen165
\pgf@xa=\dimen166
\pgf@ya=\dimen167
\pgf@xb=\dimen168
\pgf@yb=\dimen169
\pgf@xc=\dimen170
\pgf@yc=\dimen171
\pgf@xd=\dimen172
\pgf@yd=\dimen173
\w@pgf@writea=\write3
\r@pgf@reada=\read2
\c@pgf@counta=\count285
\c@pgf@countb=\count286
\c@pgf@countc=\count287
\c@pgf@countd=\count288
\t@pgf@toka=\toks29
\t@pgf@tokb=\toks30
\t@pgf@tokc=\toks31
\pgf@sys@id@count=\count289
 (/usr/local/texlive/2024/texmf-dist/tex/generic/pgf/systemlayer/pgf.cfg
File: pgf.cfg 2023-01-15 v3.1.10 (3.1.10)
)
Driver file for pgf: pgfsys-pdftex.def
 (/usr/local/texlive/2024/texmf-dist/tex/generic/pgf/systemlayer/pgfsys-pdftex.def
File: pgfsys-pdftex.def 2023-01-15 v3.1.10 (3.1.10)
 (/usr/local/texlive/2024/texmf-dist/tex/generic/pgf/systemlayer/pgfsys-common-pdf.def
File: pgfsys-common-pdf.def 2023-01-15 v3.1.10 (3.1.10)
))) (/usr/local/texlive/2024/texmf-dist/tex/generic/pgf/systemlayer/pgfsyssoftpath.code.tex
File: pgfsyssoftpath.code.tex 2023-01-15 v3.1.10 (3.1.10)
\pgfsyssoftpath@smallbuffer@items=\count290
\pgfsyssoftpath@bigbuffer@items=\count291
) (/usr/local/texlive/2024/texmf-dist/tex/generic/pgf/systemlayer/pgfsysprotocol.code.tex
File: pgfsysprotocol.code.tex 2023-01-15 v3.1.10 (3.1.10)
)) (/usr/local/texlive/2024/texmf-dist/tex/latex/amsmath/amsmath.sty
Package: amsmath 2023/05/13 v2.17o AMS math features
\@mathmargin=\skip52

For additional information on amsmath, use the `?' option.
(/usr/local/texlive/2024/texmf-dist/tex/latex/amsmath/amsbsy.sty
Package: amsbsy 1999/11/29 v1.2d Bold Symbols
\pmbraise@=\dimen174
) (/usr/local/texlive/2024/texmf-dist/tex/latex/amsmath/amsopn.sty
Package: amsopn 2022/04/08 v2.04 operator names
)
\inf@bad=\count292
LaTeX Info: Redefining \frac on input line 234.
\uproot@=\count293
\leftroot@=\count294
LaTeX Info: Redefining \overline on input line 399.
LaTeX Info: Redefining \colon on input line 410.
\classnum@=\count295
\DOTSCASE@=\count296
LaTeX Info: Redefining \ldots on input line 496.
LaTeX Info: Redefining \dots on input line 499.
LaTeX Info: Redefining \cdots on input line 620.
\Mathstrutbox@=\box64
\strutbox@=\box65
LaTeX Info: Redefining \big on input line 722.
LaTeX Info: Redefining \Big on input line 723.
LaTeX Info: Redefining \bigg on input line 724.
LaTeX Info: Redefining \Bigg on input line 725.
\big@size=\dimen175
LaTeX Font Info:    Redeclaring font encoding OML on input line 743.
LaTeX Font Info:    Redeclaring font encoding OMS on input line 744.
\macc@depth=\count297
LaTeX Info: Redefining \bmod on input line 905.
LaTeX Info: Redefining \pmod on input line 910.
LaTeX Info: Redefining \smash on input line 940.
LaTeX Info: Redefining \relbar on input line 970.
LaTeX Info: Redefining \Relbar on input line 971.
\c@MaxMatrixCols=\count298
\dotsspace@=\muskip16
\c@parentequation=\count299
\dspbrk@lvl=\count300
\tag@help=\toks32
\row@=\count301
\column@=\count302
\maxfields@=\count303
\andhelp@=\toks33
\eqnshift@=\dimen176
\alignsep@=\dimen177
\tagshift@=\dimen178
\tagwidth@=\dimen179
\totwidth@=\dimen180
\lineht@=\dimen181
\@envbody=\toks34
\multlinegap=\skip53
\multlinetaggap=\skip54
\mathdisplay@stack=\toks35
LaTeX Info: Redefining \[ on input line 2953.
LaTeX Info: Redefining \] on input line 2954.
) (/usr/local/texlive/2024/texmf-dist/tex/latex/jknapltx/mathrsfs.sty
Package: mathrsfs 1996/01/01 Math RSFS package v1.0 (jk)
\symrsfs=\mathgroup4
) (./Værktøjer/DesignFunktioner.tex
\c@kapitel=\count304
\c@alfabetTabular=\count305
) (./Værktøjer/MatematiskeFunktioner.tex) (./Indhold/Billeder/Billeder.tex)
Package translations Info: No language package found. I am going to use `english' as default language. on input line 20.
 (/usr/local/texlive/2024/texmf-dist/tex/latex/l3backend/l3backend-pdftex.def
File: l3backend-pdftex.def 2024-02-20 L3 backend support: PDF output (pdfTeX)
\l__color_backend_stack_int=\count306
\l__pdf_internal_box=\box66
) (./Oplæsning.aux)
\openout1 = `Oplæsning.aux'.

LaTeX Font Info:    Checking defaults for OML/cmm/m/it on input line 20.
LaTeX Font Info:    ... okay on input line 20.
LaTeX Font Info:    Checking defaults for OMS/cmsy/m/n on input line 20.
LaTeX Font Info:    ... okay on input line 20.
LaTeX Font Info:    Checking defaults for OT1/cmr/m/n on input line 20.
LaTeX Font Info:    ... okay on input line 20.
LaTeX Font Info:    Checking defaults for T1/cmr/m/n on input line 20.
LaTeX Font Info:    ... okay on input line 20.
LaTeX Font Info:    Checking defaults for TS1/cmr/m/n on input line 20.
LaTeX Font Info:    ... okay on input line 20.
LaTeX Font Info:    Checking defaults for OMX/cmex/m/n on input line 20.
LaTeX Font Info:    ... okay on input line 20.
LaTeX Font Info:    Checking defaults for U/cmr/m/n on input line 20.
LaTeX Font Info:    ... okay on input line 20.
 (/usr/local/texlive/2024/texmf-dist/tex/latex/translations/translations-basic-dictionary-english.trsl
File: translations-basic-dictionary-english.trsl (english translation file `translations-basic-dictionary')
)
Package translations Info: loading dictionary `translations-basic-dictionary' for `english'. on input line 20.
 (/usr/local/texlive/2024/texmf-dist/tex/context/base/mkii/supp-pdf.mkii
[Loading MPS to PDF converter (version 2006.09.02).]
\scratchcounter=\count307
\scratchdimen=\dimen182
\scratchbox=\box67
\nofMPsegments=\count308
\nofMParguments=\count309
\everyMPshowfont=\toks36
\MPscratchCnt=\count310
\MPscratchDim=\dimen183
\MPnumerator=\count311
\makeMPintoPDFobject=\count312
\everyMPtoPDFconversion=\toks37
) (/usr/local/texlive/2024/texmf-dist/tex/latex/epstopdf-pkg/epstopdf-base.sty
Package: epstopdf-base 2020-01-24 v2.11 Base part for package epstopdf
Package epstopdf-base Info: Redefining graphics rule for `.eps' on input line 485.
 (/usr/local/texlive/2024/texmf-dist/tex/latex/latexconfig/epstopdf-sys.cfg
File: epstopdf-sys.cfg 2010/07/13 v1.3 Configuration of (r)epstopdf for TeX Live
))
LaTeX Font Info:    Trying to load font information for U+rsfs on input line 21.
 (/usr/local/texlive/2024/texmf-dist/tex/latex/jknapltx/ursfs.fd
File: ursfs.fd 1998/03/24 rsfs font definition file (jk)
) (./Indhold/Udledninger.tex [1

{/usr/local/texlive/2024/texmf-var/fonts/map/pdftex/updmap/pdftex.map}]
Package svg Info: Last page of `./svg-inkscape/Feedback system_svg-tex.pdf' is 1 on input line 10.
 (./svg-inkscape/Feedback system_svg-tex.pdf_tex
<./svg-inkscape/Feedback system_svg-tex.pdf, id=13, page=1, 276.3085pt x 152.1889pt>
File: ./svg-inkscape/Feedback system_svg-tex.pdf Graphic file (type pdf)
<use ./svg-inkscape/Feedback system_svg-tex.pdf, page 1>
Package pdftex.def Info: ./svg-inkscape/Feedback system_svg-tex.pdf , page1 used on input line 56.
(pdftex.def)             Requested size: 276.30847pt x 152.20245pt.
)
Underfull \hbox (badness 10000) in paragraph at lines 7--12

 []


LaTeX Warning: Command \i invalid in math mode on input line 15.


LaTeX Warning: Command \i invalid in math mode on input line 18.

[2

 <./svg-inkscape/Feedback system_svg-tex.pdf>] [3] [4]) (./Indhold/Formler.tex [5]) (./Indhold/Øvelser.tex [6

] [7

]
<Indhold/Billeder/Blokdiagram kapitel 2.png, id=44, 763.85374pt x 293.095pt>
File: Indhold/Billeder/Blokdiagram kapitel 2.png Graphic file (type png)
<use Indhold/Billeder/Blokdiagram kapitel 2.png>
Package pdftex.def Info: Indhold/Billeder/Blokdiagram kapitel 2.png  used on input line 6.
(pdftex.def)             Requested size: 229.15788pt x 87.92917pt.
) (./Indhold/Opgaver.tex [8

 <./Indhold/Billeder/Blokdiagram kapitel 2.png>] [9

] [10

] [11

]
<Indhold/Billeder/Opgave til kapitel 2.png, id=59, 462.528pt x 346.896pt>
File: Indhold/Billeder/Opgave til kapitel 2.png Graphic file (type png)
<use Indhold/Billeder/Opgave til kapitel 2.png>
Package pdftex.def Info: Indhold/Billeder/Opgave til kapitel 2.png  used on input line 36.
(pdftex.def)             Requested size: 323.76738pt x 242.82553pt.
 [12

 <./Indhold/Billeder/Opgave til kapitel 2.png>]
<Indhold/Billeder/Opgave 2.1.png, id=64, 1092.7224pt x 650.43pt>
File: Indhold/Billeder/Opgave 2.1.png Graphic file (type png)
<use Indhold/Billeder/Opgave 2.1.png>
Package pdftex.def Info: Indhold/Billeder/Opgave 2.1.png  used on input line 40.
(pdftex.def)             Requested size: 437.08122pt x 260.16739pt.

Overfull \hbox (92.08122pt too wide) in paragraph at lines 40--40
[][] 
 []

<Indhold/Billeder/Opgave 2.3.png, id=65, 1283.79625pt x 695.59875pt>
File: Indhold/Billeder/Opgave 2.3.png Graphic file (type png)
<use Indhold/Billeder/Opgave 2.3.png>
Package pdftex.def Info: Indhold/Billeder/Opgave 2.3.png  used on input line 45.
(pdftex.def)             Requested size: 353.03526pt x 191.28494pt.

Overfull \hbox (8.03526pt too wide) in paragraph at lines 45--45
[][] 
 []


LaTeX Warning: `h' float specifier changed to `ht'.

[13

 <./Indhold/Billeder/Opgave 2.1.png>] [14 <./Indhold/Billeder/Opgave 2.3.png>]
Overfull \hbox (101.76866pt too wide) detected at line 68
[]\OT1/cmr/m/n/10 (\OML/cmm/m/it/10 ![] \OMS/cmsy/m/n/10 ^^C \OML/cmm/m/it/10 n\OT1/cmr/m/n/10 ) = [1\OML/cmm/m/it/10 :\OT1/cmr/m/n/10 0\OML/cmm/m/it/10 ;  \OMS/cmsy/m/n/10 ^^@\OT1/cmr/m/n/10 0\OML/cmm/m/it/10 :\OT1/cmr/m/n/10 8\OML/cmm/m/it/10 ;  \OT1/cmr/m/n/10 0\OML/cmm/m/it/10 :\OT1/cmr/m/n/10 3\OML/cmm/m/it/10 ;  \OT1/cmr/m/n/10 0\OML/cmm/m/it/10 :\OT1/cmr/m/n/10 3\OML/cmm/m/it/10 ;  \OMS/cmsy/m/n/10 ^^@\OT1/cmr/m/n/10 0\OML/cmm/m/it/10 :\OT1/cmr/m/n/10 8\OML/cmm/m/it/10 ;  \OT1/cmr/m/n/10 1\OML/cmm/m/it/10 :\OT1/cmr/m/n/10 0\OML/cmm/m/it/10 ;  \OMS/cmsy/m/n/10 ^^@\OT1/cmr/m/n/10 0\OML/cmm/m/it/10 :\OT1/cmr/m/n/10 8\OML/cmm/m/it/10 ;  \OT1/cmr/m/n/10 0\OML/cmm/m/it/10 :\OT1/cmr/m/n/10 2\OML/cmm/m/it/10 ;  \OT1/cmr/m/n/10 0\OML/cmm/m/it/10 :\OT1/cmr/m/n/10 4\OML/cmm/m/it/10 ;  \OMS/cmsy/m/n/10 ^^@\OT1/cmr/m/n/10 0\OML/cmm/m/it/10 :\OT1/cmr/m/n/10 9\OML/cmm/m/it/10 ;  \OT1/cmr/m/n/10 1\OML/cmm/m/it/10 :\OT1/cmr/m/n/10 0\OML/cmm/m/it/10 ;  \OMS/cmsy/m/n/10 ^^@\OT1/cmr/m/n/10 0\OML/cmm/m/it/10 :\OT1/cmr/m/n/10 7\OML/cmm/m/it/10 ;  \OT1/cmr/m/n/10 0\OML/cmm/m/it/10 :\OT1/cmr/m/n/10 2\OML/cmm/m/it/10 ;  \OT1/cmr/m/n/10 0\OML/cmm/m/it/10 :\OT1/cmr/m/n/10 5\OML/cmm/m/it/10 ;  \OMS/cmsy/m/n/10 ^^@\OT1/cmr/m/n/10 0\OML/cmm/m/it/10 :\OT1/cmr/m/n/10 9\OML/cmm/m/it/10 ;  \OT1/cmr/m/n/10 1\OML/cmm/m/it/10 :\OT1/cmr/m/n/10 0\OML/cmm/m/it/10 ;  \OMS/cmsy/m/n/10 ^^@\OT1/cmr/m/n/10 0\OML/cmm/m/it/10 :\OT1/cmr/m/n/10 7\OML/cmm/m/it/10 ;  \OT1/cmr/m/n/10 ]
 []

<Indhold/Billeder/Opgave 2.5.png, id=76, 1390.19376pt x 718.685pt>
File: Indhold/Billeder/Opgave 2.5.png Graphic file (type png)
<use Indhold/Billeder/Opgave 2.5.png>
Package pdftex.def Info: Indhold/Billeder/Opgave 2.5.png  used on input line 81.
(pdftex.def)             Requested size: 417.06134pt x 215.60716pt.

Overfull \hbox (72.06134pt too wide) in paragraph at lines 81--81
[][] 
 []

[15 <./Indhold/Billeder/Opgave 2.5.png>] [16]
Overfull \hbox (153.24191pt too wide) detected at line 117
\OML/cmm/m/it/10 y\OT1/cmr/m/n/10 [\OML/cmm/m/it/10 n\OT1/cmr/m/n/10 ] = 1\OML/cmm/m/it/10 ; \OT1/cmr/m/n/10 15\OML/cmm/m/it/10 y\OT1/cmr/m/n/10 [\OML/cmm/m/it/10 n \OMS/cmsy/m/n/10 ^^@ \OT1/cmr/m/n/10 1] \OMS/cmsy/m/n/10 ^^@ \OT1/cmr/m/n/10 1\OML/cmm/m/it/10 :\OT1/cmr/m/n/10 5\OML/cmm/m/it/10 y\OT1/cmr/m/n/10 [\OML/cmm/m/it/10 n \OMS/cmsy/m/n/10 ^^@ \OT1/cmr/m/n/10 2] + 0\OML/cmm/m/it/10 ; \OT1/cmr/m/n/10 7\OML/cmm/m/it/10 y\OT1/cmr/m/n/10 [\OML/cmm/m/it/10 n \OMS/cmsy/m/n/10 ^^@ \OT1/cmr/m/n/10 3] \OMS/cmsy/m/n/10 ^^@ \OT1/cmr/m/n/10 0\OML/cmm/m/it/10 ; \OT1/cmr/m/n/10 25 \OMS/cmsy/m/n/10 ^^C \OML/cmm/m/it/10 y\OT1/cmr/m/n/10 [\OML/cmm/m/it/10 n \OMS/cmsy/m/n/10 ^^@ \OT1/cmr/m/n/10 4] + 0\OML/cmm/m/it/10 ; \OT1/cmr/m/n/10 18\OML/cmm/m/it/10 x\OT1/cmr/m/n/10 [\OML/cmm/m/it/10 n\OT1/cmr/m/n/10 ] + 0\OML/cmm/m/it/10 ; \OT1/cmr/m/n/10 1\OML/cmm/m/it/10 x\OT1/cmr/m/n/10 [\OML/cmm/m/it/10 n \OMS/cmsy/m/n/10 ^^@ \OT1/cmr/m/n/10 1] + 0\OML/cmm/m/it/10 ; \OT1/cmr/m/n/10 3\OML/cmm/m/it/10 x\OT1/cmr/m/n/10 [\OML/cmm/m/it/10 n \OMS/cmsy/m/n/10 ^^@ \OT1/cmr/m/n/10 2] + 0\OML/cmm/m/it/10 :\OT1/cmr/m/n/10 1\OML/cmm/m/it/10 x\OT1/cmr/m/n/10 [\OML/cmm/m/it/10 n \OMS/cmsy/m/n/10 ^^@ \OT1/cmr/m/n/10 3] + 0\OML/cmm/m/it/10 :\OT1/cmr/m/n/10 18\OML/cmm/m/it/10 x\OT1/cmr/m/n/10 [\OML/cmm/m/it/10 n \OMS/cmsy/m/n/10 ^^@ \OT1/cmr/m/n/10 4]
 []


Underfull \hbox (badness 10000) in paragraph at lines 126--129

 []

<Indhold/Billeder/Opgave 2.17.a.png, id=86, 1251.67625pt x 762.85pt>
File: Indhold/Billeder/Opgave 2.17.a.png Graphic file (type png)
<use Indhold/Billeder/Opgave 2.17.a.png>
Package pdftex.def Info: Indhold/Billeder/Opgave 2.17.a.png  used on input line 141.
(pdftex.def)             Requested size: 312.91829pt x 190.71204pt.

Underfull \hbox (badness 10000) in paragraph at lines 129--143

 []


LaTeX Warning: `h' float specifier changed to `ht'.

<Indhold/Billeder/Opgave 2.17.b.png, id=87, 1235.61626pt x 765.86125pt>
File: Indhold/Billeder/Opgave 2.17.b.png Graphic file (type png)
<use Indhold/Billeder/Opgave 2.17.b.png>
Package pdftex.def Info: Indhold/Billeder/Opgave 2.17.b.png  used on input line 156.
(pdftex.def)             Requested size: 308.9033pt x 191.46484pt.

Underfull \hbox (badness 10000) in paragraph at lines 144--157

 []


Underfull \hbox (badness 10000) in paragraph at lines 144--157

 []

[17]

LaTeX Warning: `h' float specifier changed to `ht'.

[18 <./Indhold/Billeder/Opgave 2.17.a.png>] [19 <./Indhold/Billeder/Opgave 2.17.b.png>]
<Indhold/Billeder/Opgave 2.17.c.png, id=100, 1092.7224pt x 561.5379pt>
File: Indhold/Billeder/Opgave 2.17.c.png Graphic file (type png)
<use Indhold/Billeder/Opgave 2.17.c.png>
Package pdftex.def Info: Indhold/Billeder/Opgave 2.17.c.png  used on input line 160.
(pdftex.def)             Requested size: 289.57005pt x 148.80682pt.
<Indhold/Billeder/Opgave 2.17.png, id=101, 1416.29124pt x 704.6325pt>
File: Indhold/Billeder/Opgave 2.17.png Graphic file (type png)
<use Indhold/Billeder/Opgave 2.17.png>
Package pdftex.def Info: Indhold/Billeder/Opgave 2.17.png  used on input line 164.
(pdftex.def)             Requested size: 389.47049pt x 193.76917pt.

Overfull \hbox (44.47049pt too wide) in paragraph at lines 164--164
[][] 
 []

[20

 <./Indhold/Billeder/Opgave 2.17.c.png> <./Indhold/Billeder/Opgave 2.17.png>] [21]
<Indhold/Billeder/Opgave 2.33.png, id=110, 1092.7224pt x 561.5379pt>
File: Indhold/Billeder/Opgave 2.33.png Graphic file (type png)
<use Indhold/Billeder/Opgave 2.33.png>
Package pdftex.def Info: Indhold/Billeder/Opgave 2.33.png  used on input line 203.
(pdftex.def)             Requested size: 437.08122pt x 224.61118pt.

Overfull \hbox (92.08122pt too wide) in paragraph at lines 203--203
[][] 
 []

[22 <./Indhold/Billeder/Opgave 2.33.png>]
Underfull \hbox (badness 10000) in paragraph at lines 219--223

 []


Underfull \hbox (badness 10000) in paragraph at lines 219--223

 []


Underfull \hbox (badness 10000) in paragraph at lines 228--233

 []

[23] [24]
Package svg Info: Last page of `./svg-inkscape/Opgave 2.50_svg-tex.pdf' is 1 on input line 244.
 (./svg-inkscape/Opgave 2.50_svg-tex.pdf_tex
<./svg-inkscape/Opgave 2.50_svg-tex.pdf, id=122, page=1, 5427.17186pt x 3277.75787pt>
File: ./svg-inkscape/Opgave 2.50_svg-tex.pdf Graphic file (type pdf)
<use ./svg-inkscape/Opgave 2.50_svg-tex.pdf, page 1>
Package pdftex.def Info: ./svg-inkscape/Opgave 2.50_svg-tex.pdf , page1 used on input line 56.
(pdftex.def)             Requested size: 271.37514pt x 163.89749pt.
)
<Indhold/Billeder/Opgave 2.50.png, id=123, 1092.7224pt x 557.9244pt>
File: Indhold/Billeder/Opgave 2.50.png Graphic file (type png)
<use Indhold/Billeder/Opgave 2.50.png>
Package pdftex.def Info: Indhold/Billeder/Opgave 2.50.png  used on input line 251.
(pdftex.def)             Requested size: 327.81924pt x 167.3786pt.
 [25

 <./svg-inkscape/Opgave 2.50_svg-tex.pdf> <./Indhold/Billeder/Opgave 2.50.png>] [26]
<Indhold/Billeder/Opgave 3.1.a.png, id=134, 548.5293pt x 560.8152pt>
File: Indhold/Billeder/Opgave 3.1.a.png Graphic file (type png)
<use Indhold/Billeder/Opgave 3.1.a.png>
Package pdftex.def Info: Indhold/Billeder/Opgave 3.1.a.png  used on input line 272.
(pdftex.def)             Requested size: 274.26398pt x 280.4069pt.


LaTeX Warning: `h' float specifier changed to `ht'.


Underfull \hbox (badness 10000) in paragraph at lines 275--278

 []

[27

] [28 <./Indhold/Billeder/Opgave 3.1.a.png>]
<Indhold/Billeder/Opgave 3.1.b.png, id=147, 548.5293pt x 560.8152pt>
File: Indhold/Billeder/Opgave 3.1.b.png Graphic file (type png)
<use Indhold/Billeder/Opgave 3.1.b.png>
Package pdftex.def Info: Indhold/Billeder/Opgave 3.1.b.png  used on input line 292.
(pdftex.def)             Requested size: 219.40782pt x 224.3221pt.

Underfull \hbox (badness 10000) in paragraph at lines 295--297

 []


Underfull \hbox (badness 10000) in paragraph at lines 298--300

 []

[29 <./Indhold/Billeder/Opgave 3.1.b.png>]
Overfull \hbox (6.0148pt too wide) detected at line 311
\OML/cmm/m/it/10 X\OT1/cmr/m/n/10 (\OML/cmm/m/it/10 z\OT1/cmr/m/n/10 ) = [] []  \OMS/cmsy/m/n/10    []\OT1/cmr/m/n/10 (\OML/cmm/m/it/10 ^^R\OT1/cmr/m/n/10 ) = []
 []


Underfull \hbox (badness 10000) in paragraph at lines 314--318

 []

[30]
<Indhold/Billeder/Opgave 3.1.d.png, id=155, 548.5293pt x 560.8152pt>
File: Indhold/Billeder/Opgave 3.1.d.png Graphic file (type png)
<use Indhold/Billeder/Opgave 3.1.d.png>
Package pdftex.def Info: Indhold/Billeder/Opgave 3.1.d.png  used on input line 324.
(pdftex.def)             Requested size: 274.26398pt x 280.4069pt.

Overfull \hbox (19.03233pt too wide) detected at line 328
\OML/cmm/m/it/10 x\OT1/cmr/m/n/10 [\OML/cmm/m/it/10 n\OT1/cmr/m/n/10 ] = (\OML/cmm/m/it/10 r[] \OMS/cmsy/m/n/10 ^^C \OML/cmm/m/it/10 sin\OT1/cmr/m/n/10 (\OML/cmm/m/it/10 ![] \OMS/cmsy/m/n/10 ^^C \OML/cmm/m/it/10 n\OT1/cmr/m/n/10 ) \OMS/cmsy/m/n/10 ^^C \OML/cmm/m/it/10 u\OT1/cmr/m/n/10 [\OML/cmm/m/it/10 n\OT1/cmr/m/n/10 ]) [] \OML/cmm/m/it/10 X\OT1/cmr/m/n/10 (\OML/cmm/m/it/10 z\OT1/cmr/m/n/10 ) = []\OML/cmm/m/it/10 ; \OMS/cmsy/m/n/10 j\OML/cmm/m/it/10 z\OMS/cmsy/m/n/10 j \OML/cmm/m/it/10 > r
 []

[31 <./Indhold/Billeder/Opgave 3.1.d.png>]
Underfull \hbox (badness 10000) in paragraph at lines 344--347

 []


Underfull \hbox (badness 10000) in paragraph at lines 344--347

 []

[32]
Overfull \hbox (121.9021pt too wide) detected at line 358
\OML/cmm/m/it/10 X\OT1/cmr/m/n/10 (\OML/cmm/m/it/10 z\OT1/cmr/m/n/10 ) = [] \OMS/cmsy/m/n/10 ^^C \OT1/cmr/m/n/10 ([] \OMS/cmsy/m/n/10 ^^@ []\OT1/cmr/m/n/10 )
 []


Overfull \hbox (4.43333pt too wide) in paragraph at lines 364--364
[]\OT1/cmr/bx/n/12 Opgave 3.4 - Par-tial frac-tion til at bestemme in-put sekvenser
 []

[33]

LaTeX Warning: Command \i invalid in math mode on input line 366.


Underfull \hbox (badness 10000) in paragraph at lines 369--371

 []


LaTeX Warning: Command \i invalid in math mode on input line 378.


LaTeX Warning: Command \i invalid in math mode on input line 395.

[34

]
Overfull \hbox (23.45593pt too wide) detected at line 408
\OML/cmm/m/it/10 x\OT1/cmr/m/n/10 [\OML/cmm/m/it/10 n\OT1/cmr/m/n/10 ] = \OMS/cmsy/m/n/10 ^^@[] ^^C \OT1/cmr/m/n/10 (\OMS/cmsy/m/n/10 ^^@\OT1/cmr/m/n/10 2)[] \OMS/cmsy/m/n/10 ^^C \OML/cmm/m/it/10 u\OT1/cmr/m/n/10 [\OMS/cmsy/m/n/10 ^^@\OT1/cmr/m/n/10 1 \OMS/cmsy/m/n/10 ^^@ \OML/cmm/m/it/10 n\OT1/cmr/m/n/10 ] \OMS/cmsy/m/n/10 ^^@ [] ^^C \OT1/cmr/m/n/10 1[] \OMS/cmsy/m/n/10 ^^C \OML/cmm/m/it/10 u\OT1/cmr/m/n/10 [\OMS/cmsy/m/n/10 ^^@\OT1/cmr/m/n/10 1 \OMS/cmsy/m/n/10 ^^@ \OML/cmm/m/it/10 n\OT1/cmr/m/n/10 ]\OML/cmm/m/it/10 ;  ROC \OT1/cmr/m/n/10 : \OMS/cmsy/m/n/10 j\OML/cmm/m/it/10 z\OMS/cmsy/m/n/10 j \OML/cmm/m/it/10 < \OT1/cmr/m/n/10 2 \OMS/cmsy/m/n/10 \ j\OML/cmm/m/it/10 z\OMS/cmsy/m/n/10 j \OML/cmm/m/it/10 < \OT1/cmr/m/n/10 1  \OMS/cmsy/m/n/10 !  j\OML/cmm/m/it/10 z\OMS/cmsy/m/n/10 j \OML/cmm/m/it/10 < \OT1/cmr/m/n/10 1
 []


Overfull \hbox (28.178pt too wide) detected at line 410
\OML/cmm/m/it/10 x\OT1/cmr/m/n/10 [\OML/cmm/m/it/10 n\OT1/cmr/m/n/10 ] = [] \OMS/cmsy/m/n/10 ^^C \OT1/cmr/m/n/10 (\OMS/cmsy/m/n/10 ^^@\OT1/cmr/m/n/10 2)[] \OMS/cmsy/m/n/10 ^^C \OML/cmm/m/it/10 u\OT1/cmr/m/n/10 [\OML/cmm/m/it/10 n\OT1/cmr/m/n/10 ] \OMS/cmsy/m/n/10 ^^@ [] ^^C \OT1/cmr/m/n/10 1[] \OMS/cmsy/m/n/10 ^^C \OML/cmm/m/it/10 u\OT1/cmr/m/n/10 [\OMS/cmsy/m/n/10 ^^@\OT1/cmr/m/n/10 1 \OMS/cmsy/m/n/10 ^^@ \OML/cmm/m/it/10 n\OT1/cmr/m/n/10 ]\OML/cmm/m/it/10 ;  ROC \OT1/cmr/m/n/10 : \OMS/cmsy/m/n/10 j\OML/cmm/m/it/10 z\OMS/cmsy/m/n/10 j \OML/cmm/m/it/10 > \OT1/cmr/m/n/10 2 \OMS/cmsy/m/n/10 \ j\OML/cmm/m/it/10 z\OMS/cmsy/m/n/10 j \OML/cmm/m/it/10 < \OT1/cmr/m/n/10 1  \OMS/cmsy/m/n/10 !  \OT1/cmr/m/n/10 1 \OML/cmm/m/it/10 > \OMS/cmsy/m/n/10 j\OML/cmm/m/it/10 z\OMS/cmsy/m/n/10 j \OML/cmm/m/it/10 > \OT1/cmr/m/n/10 2 ?
 []


Overfull \hbox (21.23355pt too wide) detected at line 412
\OML/cmm/m/it/10 x\OT1/cmr/m/n/10 [\OML/cmm/m/it/10 n\OT1/cmr/m/n/10 ] = \OMS/cmsy/m/n/10 ^^@[] ^^C \OT1/cmr/m/n/10 (\OMS/cmsy/m/n/10 ^^@\OT1/cmr/m/n/10 2)[] \OMS/cmsy/m/n/10 ^^C \OML/cmm/m/it/10 u\OT1/cmr/m/n/10 [\OMS/cmsy/m/n/10 ^^@\OT1/cmr/m/n/10 1 \OMS/cmsy/m/n/10 ^^@ \OML/cmm/m/it/10 n\OT1/cmr/m/n/10 ] + [] \OMS/cmsy/m/n/10 ^^C \OT1/cmr/m/n/10 1[] \OMS/cmsy/m/n/10 ^^C \OML/cmm/m/it/10 u\OT1/cmr/m/n/10 [\OML/cmm/m/it/10 n\OT1/cmr/m/n/10 ]\OML/cmm/m/it/10 ;  ROC \OT1/cmr/m/n/10 : \OMS/cmsy/m/n/10 j\OML/cmm/m/it/10 z\OMS/cmsy/m/n/10 j \OML/cmm/m/it/10 < \OT1/cmr/m/n/10 2 \OMS/cmsy/m/n/10 \ j\OML/cmm/m/it/10 z\OMS/cmsy/m/n/10 j \OML/cmm/m/it/10 > \OT1/cmr/m/n/10 1  \OMS/cmsy/m/n/10 !  \OT1/cmr/m/n/10 2 \OML/cmm/m/it/10 > \OMS/cmsy/m/n/10 j\OML/cmm/m/it/10 z\OMS/cmsy/m/n/10 j \OML/cmm/m/it/10 > \OT1/cmr/m/n/10 1
 []


Underfull \hbox (badness 10000) in paragraph at lines 414--416

 []


Underfull \hbox (badness 10000) in paragraph at lines 414--416

 []


Underfull \hbox (badness 10000) in paragraph at lines 414--416

 []


Overfull \hbox (20.55667pt too wide) detected at line 416
\OT1/cmr/m/n/10 ===============================================
 []


Overfull \hbox (23.45593pt too wide) detected at line 418
\OML/cmm/m/it/10 x\OT1/cmr/m/n/10 [\OML/cmm/m/it/10 n\OT1/cmr/m/n/10 ] = \OMS/cmsy/m/n/10 ^^@[] ^^C \OT1/cmr/m/n/10 (\OMS/cmsy/m/n/10 ^^@\OT1/cmr/m/n/10 2)[] \OMS/cmsy/m/n/10 ^^C \OML/cmm/m/it/10 u\OT1/cmr/m/n/10 [\OMS/cmsy/m/n/10 ^^@\OT1/cmr/m/n/10 1 \OMS/cmsy/m/n/10 ^^@ \OML/cmm/m/it/10 n\OT1/cmr/m/n/10 ] \OMS/cmsy/m/n/10 ^^@ [] ^^C \OT1/cmr/m/n/10 1[] \OMS/cmsy/m/n/10 ^^C \OML/cmm/m/it/10 u\OT1/cmr/m/n/10 [\OMS/cmsy/m/n/10 ^^@\OT1/cmr/m/n/10 1 \OMS/cmsy/m/n/10 ^^@ \OML/cmm/m/it/10 n\OT1/cmr/m/n/10 ]\OML/cmm/m/it/10 ;  ROC \OT1/cmr/m/n/10 : \OMS/cmsy/m/n/10 j\OML/cmm/m/it/10 z\OMS/cmsy/m/n/10 j \OML/cmm/m/it/10 < \OT1/cmr/m/n/10 2 \OMS/cmsy/m/n/10 \ j\OML/cmm/m/it/10 z\OMS/cmsy/m/n/10 j \OML/cmm/m/it/10 < \OT1/cmr/m/n/10 1  \OMS/cmsy/m/n/10 !  j\OML/cmm/m/it/10 z\OMS/cmsy/m/n/10 j \OML/cmm/m/it/10 < \OT1/cmr/m/n/10 1
 []


Overfull \hbox (21.23355pt too wide) detected at line 419
\OML/cmm/m/it/10 x\OT1/cmr/m/n/10 [\OML/cmm/m/it/10 n\OT1/cmr/m/n/10 ] = \OMS/cmsy/m/n/10 ^^@[] ^^C \OT1/cmr/m/n/10 (\OMS/cmsy/m/n/10 ^^@\OT1/cmr/m/n/10 2)[] \OMS/cmsy/m/n/10 ^^C \OML/cmm/m/it/10 u\OT1/cmr/m/n/10 [\OMS/cmsy/m/n/10 ^^@\OT1/cmr/m/n/10 1 \OMS/cmsy/m/n/10 ^^@ \OML/cmm/m/it/10 n\OT1/cmr/m/n/10 ] + [] \OMS/cmsy/m/n/10 ^^C \OT1/cmr/m/n/10 1[] \OMS/cmsy/m/n/10 ^^C \OML/cmm/m/it/10 u\OT1/cmr/m/n/10 [\OML/cmm/m/it/10 n\OT1/cmr/m/n/10 ]\OML/cmm/m/it/10 ;  ROC \OT1/cmr/m/n/10 : \OMS/cmsy/m/n/10 j\OML/cmm/m/it/10 z\OMS/cmsy/m/n/10 j \OML/cmm/m/it/10 < \OT1/cmr/m/n/10 2 \OMS/cmsy/m/n/10 \ j\OML/cmm/m/it/10 z\OMS/cmsy/m/n/10 j \OML/cmm/m/it/10 > \OT1/cmr/m/n/10 1  \OMS/cmsy/m/n/10 !  \OT1/cmr/m/n/10 2 \OML/cmm/m/it/10 > \OMS/cmsy/m/n/10 j\OML/cmm/m/it/10 z\OMS/cmsy/m/n/10 j \OML/cmm/m/it/10 > \OT1/cmr/m/n/10 1
 []

[35]
Overfull \hbox (20.55667pt too wide) detected at line 420
\OT1/cmr/m/n/10 ===============================================
 []


LaTeX Warning: Command \i invalid in math mode on input line 422.

[36]) [37] (./Oplæsning.aux)
 ***********
LaTeX2e <2023-11-01> patch level 1
L3 programming layer <2024-02-20>
 ***********
 ) 
Here is how much of TeX's memory you used:
 14033 strings out of 474116
 319708 string characters out of 5743683
 1939187 words of memory out of 5000000
 36161 multiletter control sequences out of 15000+600000
 566890 words of font info for 69 fonts, out of 8000000 for 9000
 1141 hyphenation exceptions out of 8191
 94i,10n,106p,483b,568s stack positions out of 10000i,1000n,20000p,200000b,200000s
</usr/local/texlive/2024/texmf-dist/fonts/type1/public/amsfonts/cm/cmbsy10.pfb></usr/local/texlive/2024/texmf-dist/fonts/type1/public/amsfonts/cmextra/cmbsy5.pfb></usr/local/texlive/2024/texmf-dist/fonts/type1/public/amsfonts/cmextra/cmbsy7.pfb></usr/local/texlive/2024/texmf-dist/fonts/type1/public/amsfonts/cm/cmbx10.pfb></usr/local/texlive/2024/texmf-dist/fonts/type1/public/amsfonts/cm/cmbx12.pfb></usr/local/texlive/2024/texmf-dist/fonts/type1/public/amsfonts/cm/cmbx5.pfb></usr/local/texlive/2024/texmf-dist/fonts/type1/public/amsfonts/cm/cmbx7.pfb></usr/local/texlive/2024/texmf-dist/fonts/type1/public/amsfonts/cm/cmex10.pfb></usr/local/texlive/2024/texmf-dist/fonts/type1/public/amsfonts/cm/cmmi10.pfb></usr/local/texlive/2024/texmf-dist/fonts/type1/public/amsfonts/cm/cmmi5.pfb></usr/local/texlive/2024/texmf-dist/fonts/type1/public/amsfonts/cm/cmmi7.pfb></usr/local/texlive/2024/texmf-dist/fonts/type1/public/amsfonts/cm/cmmib10.pfb></usr/local/texlive/2024/texmf-dist/fonts/type1/public/amsfonts/cmextra/cmmib7.pfb></usr/local/texlive/2024/texmf-dist/fonts/type1/public/amsfonts/cm/cmr10.pfb></usr/local/texlive/2024/texmf-dist/fonts/type1/public/amsfonts/cm/cmr12.pfb></usr/local/texlive/2024/texmf-dist/fonts/type1/public/amsfonts/cm/cmr17.pfb></usr/local/texlive/2024/texmf-dist/fonts/type1/public/amsfonts/cm/cmr5.pfb></usr/local/texlive/2024/texmf-dist/fonts/type1/public/amsfonts/cm/cmr7.pfb></usr/local/texlive/2024/texmf-dist/fonts/type1/public/amsfonts/cm/cmsy10.pfb></usr/local/texlive/2024/texmf-dist/fonts/type1/public/amsfonts/cm/cmsy5.pfb></usr/local/texlive/2024/texmf-dist/fonts/type1/public/amsfonts/cm/cmsy7.pfb></usr/local/texlive/2024/texmf-dist/fonts/type1/public/rsfs/rsfs7.pfb>
Output written on Oplæsning.pdf (37 pages, 1266748 bytes).
PDF statistics:
 276 PDF objects out of 1000 (max. 8388607)
 159 compressed objects within 2 object streams
 0 named destinations out of 1000 (max. 500000)
 103 words of extra memory for PDF output out of 10000 (max. 10000000)

