This is pdfTeX, Version 3.141592653-2.6-1.40.26 (TeX Live 2024) (preloaded format=pdflatex 2025.2.4)  29 APR 2025 11:31
entering extended mode
 \write18 enabled.
 file:line:error style messages enabled.
 %&-line parsing enabled.
**"/Users/jesperbertelsen/Desktop/Crazy/Uni/6. Semester/Diskrete-tids signalbehandling/Opgaver/Latex/Opl√¶sning.tex"
(/Users/jesperbertelsen/Desktop/Crazy/Uni/6. Semester/Diskrete-tids signalbehandling/Opgaver/Latex/Opl√¶sning.tex
LaTeX2e <2023-11-01> patch level 1
L3 programming layer <2024-02-20>
(/usr/local/texlive/2024/texmf-dist/tex/latex/base/article.cls
Document Class: article 2023/05/17 v1.4n Standard LaTeX document class
(/usr/local/texlive/2024/texmf-dist/tex/latex/base/size10.clo
File: size10.clo 2023/05/17 v1.4n Standard LaTeX file (size option)
)
\c@part=\count188
\c@section=\count189
\c@subsection=\count190
\c@subsubsection=\count191
\c@paragraph=\count192
\c@subparagraph=\count193
\c@figure=\count194
\c@table=\count195
\abovecaptionskip=\skip48
\belowcaptionskip=\skip49
\bibindent=\dimen140
) (/usr/local/texlive/2024/texmf-dist/tex/latex/pgf/utilities/pgffor.sty (/usr/local/texlive/2024/texmf-dist/tex/latex/pgf/utilities/pgfrcs.sty (/usr/local/texlive/2024/texmf-dist/tex/generic/pgf/utilities/pgfutil-common.tex
\pgfutil@everybye=\toks17
\pgfutil@tempdima=\dimen141
\pgfutil@tempdimb=\dimen142
) (/usr/local/texlive/2024/texmf-dist/tex/generic/pgf/utilities/pgfutil-latex.def
\pgfutil@abb=\box51
) (/usr/local/texlive/2024/texmf-dist/tex/generic/pgf/utilities/pgfrcs.code.tex (/usr/local/texlive/2024/texmf-dist/tex/generic/pgf/pgf.revision.tex)
Package: pgfrcs 2023-01-15 v3.1.10 (3.1.10)
)) (/usr/local/texlive/2024/texmf-dist/tex/latex/pgf/utilities/pgfkeys.sty (/usr/local/texlive/2024/texmf-dist/tex/generic/pgf/utilities/pgfkeys.code.tex
\pgfkeys@pathtoks=\toks18
\pgfkeys@temptoks=\toks19
 (/usr/local/texlive/2024/texmf-dist/tex/generic/pgf/utilities/pgfkeyslibraryfiltered.code.tex
\pgfkeys@tmptoks=\toks20
))) (/usr/local/texlive/2024/texmf-dist/tex/latex/pgf/math/pgfmath.sty (/usr/local/texlive/2024/texmf-dist/tex/generic/pgf/math/pgfmath.code.tex (/usr/local/texlive/2024/texmf-dist/tex/generic/pgf/math/pgfmathutil.code.tex
\pgf@x=\dimen143
\pgf@xa=\dimen144
\pgf@xb=\dimen145
\pgf@xc=\dimen146
\pgf@y=\dimen147
\pgf@ya=\dimen148
\pgf@yb=\dimen149
\pgf@yc=\dimen150
\c@pgf@counta=\count196
\c@pgf@countb=\count197
\c@pgf@countc=\count198
\c@pgf@countd=\count199
) (/usr/local/texlive/2024/texmf-dist/tex/generic/pgf/math/pgfmathparser.code.tex
\pgfmath@dimen=\dimen151
\pgfmath@count=\count266
\pgfmath@box=\box52
\pgfmath@toks=\toks21
\pgfmath@stack@operand=\toks22
\pgfmath@stack@operation=\toks23
) (/usr/local/texlive/2024/texmf-dist/tex/generic/pgf/math/pgfmathfunctions.code.tex) (/usr/local/texlive/2024/texmf-dist/tex/generic/pgf/math/pgfmathfunctions.basic.code.tex) (/usr/local/texlive/2024/texmf-dist/tex/generic/pgf/math/pgfmathfunctions.trigonometric.code.tex) (/usr/local/texlive/2024/texmf-dist/tex/generic/pgf/math/pgfmathfunctions.random.code.tex) (/usr/local/texlive/2024/texmf-dist/tex/generic/pgf/math/pgfmathfunctions.comparison.code.tex) (/usr/local/texlive/2024/texmf-dist/tex/generic/pgf/math/pgfmathfunctions.base.code.tex) (/usr/local/texlive/2024/texmf-dist/tex/generic/pgf/math/pgfmathfunctions.round.code.tex) (/usr/local/texlive/2024/texmf-dist/tex/generic/pgf/math/pgfmathfunctions.misc.code.tex) (/usr/local/texlive/2024/texmf-dist/tex/generic/pgf/math/pgfmathfunctions.integerarithmetics.code.tex) (/usr/local/texlive/2024/texmf-dist/tex/generic/pgf/math/pgfmathcalc.code.tex) (/usr/local/texlive/2024/texmf-dist/tex/generic/pgf/math/pgfmathfloat.code.tex
\c@pgfmathroundto@lastzeros=\count267
))) (/usr/local/texlive/2024/texmf-dist/tex/generic/pgf/utilities/pgffor.code.tex
Package: pgffor 2023-01-15 v3.1.10 (3.1.10)
\pgffor@iter=\dimen152
\pgffor@skip=\dimen153
\pgffor@stack=\toks24
\pgffor@toks=\toks25
)) (/usr/local/texlive/2024/texmf-dist/tex/latex/siunitx/siunitx.sty
Package: siunitx 2024-02-15 v3.3.12 A comprehensive (SI) units package
\l__siunitx_number_uncert_offset_int=\count268
\l__siunitx_number_exponent_fixed_int=\count269
\l__siunitx_number_min_decimal_int=\count270
\l__siunitx_number_min_integer_int=\count271
\l__siunitx_number_round_precision_int=\count272
\l__siunitx_number_lower_threshold_int=\count273
\l__siunitx_number_upper_threshold_int=\count274
\l__siunitx_number_group_first_int=\count275
\l__siunitx_number_group_size_int=\count276
\l__siunitx_number_group_minimum_int=\count277
\l__siunitx_angle_tmp_dim=\dimen154
\l__siunitx_angle_marker_box=\box53
\l__siunitx_angle_unit_box=\box54
\l__siunitx_compound_count_int=\count278
 (/usr/local/texlive/2024/texmf-dist/tex/latex/translations/translations.sty
Package: translations 2022/02/05 v1.12 internationalization of LaTeX2e packages (CN)
 (/usr/local/texlive/2024/texmf-dist/tex/latex/etoolbox/etoolbox.sty
Package: etoolbox 2020/10/05 v2.5k e-TeX tools for LaTeX (JAW)
\etb@tempcnta=\count279
) (/usr/local/texlive/2024/texmf-dist/tex/generic/pdftexcmds/pdftexcmds.sty
Package: pdftexcmds 2020-06-27 v0.33 Utility functions of pdfTeX for LuaTeX (HO)
 (/usr/local/texlive/2024/texmf-dist/tex/generic/infwarerr/infwarerr.sty
Package: infwarerr 2019/12/03 v1.5 Providing info/warning/error messages (HO)
) (/usr/local/texlive/2024/texmf-dist/tex/generic/iftex/iftex.sty
Package: iftex 2022/02/03 v1.0f TeX engine tests
) (/usr/local/texlive/2024/texmf-dist/tex/generic/ltxcmds/ltxcmds.sty
Package: ltxcmds 2023-12-04 v1.26 LaTeX kernel commands for general use (HO)
)
Package pdftexcmds Info: \pdf@primitive is available.
Package pdftexcmds Info: \pdf@ifprimitive is available.
Package pdftexcmds Info: \pdfdraftmode found.
)) (/usr/local/texlive/2024/texmf-dist/tex/latex/amsmath/amstext.sty
Package: amstext 2021/08/26 v2.01 AMS text
 (/usr/local/texlive/2024/texmf-dist/tex/latex/amsmath/amsgen.sty
File: amsgen.sty 1999/11/30 v2.0 generic functions
\@emptytoks=\toks26
\ex@=\dimen155
))
\l__siunitx_table_tmp_box=\box55
\l__siunitx_table_tmp_dim=\dimen156
\l__siunitx_table_column_width_dim=\dimen157
\l__siunitx_table_integer_box=\box56
\l__siunitx_table_decimal_box=\box57
\l__siunitx_table_uncert_box=\box58
\l__siunitx_table_before_box=\box59
\l__siunitx_table_after_box=\box60
\l__siunitx_table_before_dim=\dimen158
\l__siunitx_table_carry_dim=\dimen159
\l__siunitx_unit_tmp_int=\count280
\l__siunitx_unit_position_int=\count281
\l__siunitx_unit_total_int=\count282
 (/usr/local/texlive/2024/texmf-dist/tex/latex/tools/array.sty
Package: array 2023/10/16 v2.5g Tabular extension package (FMi)
\col@sep=\dimen160
\ar@mcellbox=\box61
\extrarowheight=\dimen161
\NC@list=\toks27
\extratabsurround=\skip50
\backup@length=\skip51
\ar@cellbox=\box62
)) (/usr/local/texlive/2024/texmf-dist/tex/latex/import/import.sty
Package: import 2020/04/01  v 6.2
) (/usr/local/texlive/2024/texmf-dist/tex/latex/graphics/graphicx.sty
Package: graphicx 2021/09/16 v1.2d Enhanced LaTeX Graphics (DPC,SPQR)
 (/usr/local/texlive/2024/texmf-dist/tex/latex/graphics/keyval.sty
Package: keyval 2022/05/29 v1.15 key=value parser (DPC)
\KV@toks@=\toks28
) (/usr/local/texlive/2024/texmf-dist/tex/latex/graphics/graphics.sty
Package: graphics 2022/03/10 v1.4e Standard LaTeX Graphics (DPC,SPQR)
 (/usr/local/texlive/2024/texmf-dist/tex/latex/graphics/trig.sty
Package: trig 2021/08/11 v1.11 sin cos tan (DPC)
) (/usr/local/texlive/2024/texmf-dist/tex/latex/graphics-cfg/graphics.cfg
File: graphics.cfg 2016/06/04 v1.11 sample graphics configuration
)
Package graphics Info: Driver file: pdftex.def on input line 107.
 (/usr/local/texlive/2024/texmf-dist/tex/latex/graphics-def/pdftex.def
File: pdftex.def 2022/09/22 v1.2b Graphics/color driver for pdftex
))
\Gin@req@height=\dimen162
\Gin@req@width=\dimen163
) (/usr/local/texlive/2024/texmf-dist/tex/latex/wrapfig/wrapfig.sty
\wrapoverhang=\dimen164
\WF@size=\dimen165
\c@WF@wrappedlines=\count283
\WF@box=\box63
\WF@everypar=\toks29
Package: wrapfig 2003/01/31  v 3.6
) (/usr/local/texlive/2024/texmf-dist/tex/latex/float/float.sty
Package: float 2001/11/08 v1.3d Float enhancements (AL)
\c@float@type=\count284
\float@exts=\toks30
\float@box=\box64
\@float@everytoks=\toks31
\@floatcapt=\box65
) (/usr/local/texlive/2024/texmf-dist/tex/latex/svg/svg.sty
Package: svg 2020/11/26 v2.02k (include SVG pictures)
 (/usr/local/texlive/2024/texmf-dist/tex/latex/koma-script/scrbase.sty
Package: scrbase 2023/07/07 v3.41 KOMA-Script package (KOMA-Script-independent basics and keyval usage)
 (/usr/local/texlive/2024/texmf-dist/tex/latex/koma-script/scrlfile.sty
Package: scrlfile 2023/07/07 v3.41 KOMA-Script package (file load hooks)
 (/usr/local/texlive/2024/texmf-dist/tex/latex/koma-script/scrlfile-hook.sty
Package: scrlfile-hook 2023/07/07 v3.41 KOMA-Script package (using LaTeX hooks)
 (/usr/local/texlive/2024/texmf-dist/tex/latex/koma-script/scrlogo.sty
Package: scrlogo 2023/07/07 v3.41 KOMA-Script package (logo)
)))
Applying: [2021/05/01] Usage of raw or classic option list on input line 252.
Already applied: [0000/00/00] Usage of raw or classic option list on input line 368.
) (/usr/local/texlive/2024/texmf-dist/tex/latex/trimspaces/trimspaces.sty
Package: trimspaces 2009/09/17 v1.1 Trim spaces around a token list
) (/usr/local/texlive/2024/texmf-dist/tex/latex/tools/shellesc.sty
Package: shellesc 2023/07/08 v1.0d unified shell escape interface for LaTeX
Package shellesc Info: Unrestricted shell escape enabled on input line 75.
) (/usr/local/texlive/2024/texmf-dist/tex/latex/ifplatform/ifplatform.sty
Package: ifplatform 2017/10/13 v0.4a Testing for the operating system
 (/usr/local/texlive/2024/texmf-dist/tex/generic/catchfile/catchfile.sty
Package: catchfile 2019/12/09 v1.8 Catch the contents of a file (HO)
 (/usr/local/texlive/2024/texmf-dist/tex/generic/etexcmds/etexcmds.sty
Package: etexcmds 2019/12/15 v1.7 Avoid name clashes with e-TeX commands (HO)
)) (/usr/local/texlive/2024/texmf-dist/tex/generic/iftex/ifluatex.sty
Package: ifluatex 2019/10/25 v1.5 ifluatex legacy package. Use iftex instead.
)
runsystem(uname -s > "Opl√¶sning.w18")...executed.

 (./Opl√¶sning.w18)
runsystem(rm -- "Opl√¶sning.w18")...executed.

)
\c@svg@param@lastpage=\count285
\svg@box=\box66
\c@svg@param@currpage=\count286
) (/usr/local/texlive/2024/texmf-dist/tex/latex/xcolor/xcolor.sty
Package: xcolor 2023/11/15 v3.01 LaTeX color extensions (UK)
 (/usr/local/texlive/2024/texmf-dist/tex/latex/graphics-cfg/color.cfg
File: color.cfg 2016/01/02 v1.6 sample color configuration
)
Package xcolor Info: Driver file: pdftex.def on input line 274.
 (/usr/local/texlive/2024/texmf-dist/tex/latex/graphics/mathcolor.ltx)
Package xcolor Info: Model `cmy' substituted by `cmy0' on input line 1350.
Package xcolor Info: Model `hsb' substituted by `rgb' on input line 1354.
Package xcolor Info: Model `RGB' extended on input line 1366.
Package xcolor Info: Model `HTML' substituted by `rgb' on input line 1368.
Package xcolor Info: Model `Hsb' substituted by `hsb' on input line 1369.
Package xcolor Info: Model `tHsb' substituted by `hsb' on input line 1370.
Package xcolor Info: Model `HSB' substituted by `hsb' on input line 1371.
Package xcolor Info: Model `Gray' substituted by `gray' on input line 1372.
Package xcolor Info: Model `wave' substituted by `hsb' on input line 1373.
) (/usr/local/texlive/2024/texmf-dist/tex/latex/transparent/transparent.sty
Package: transparent 2022-10-27 v1.5 Transparency with color stacks
 (/usr/local/texlive/2024/texmf-dist/tex/latex/transparent/transparent-nometadata.sty
Package: transparent-nometadata 2022-10-27 v1.5 Transparency via pdfTeX's color stack (HO)
 (/usr/local/texlive/2024/texmf-dist/tex/latex/auxhook/auxhook.sty
Package: auxhook 2019-12-17 v1.6 Hooks for auxiliary files (HO)
))) (/usr/local/texlive/2024/texmf-dist/tex/latex/pgf/systemlayer/pgfsys.sty (/usr/local/texlive/2024/texmf-dist/tex/generic/pgf/systemlayer/pgfsys.code.tex
Package: pgfsys 2023-01-15 v3.1.10 (3.1.10)
\pgf@x=\dimen166
\pgf@y=\dimen167
\pgf@xa=\dimen168
\pgf@ya=\dimen169
\pgf@xb=\dimen170
\pgf@yb=\dimen171
\pgf@xc=\dimen172
\pgf@yc=\dimen173
\pgf@xd=\dimen174
\pgf@yd=\dimen175
\w@pgf@writea=\write3
\r@pgf@reada=\read2
\c@pgf@counta=\count287
\c@pgf@countb=\count288
\c@pgf@countc=\count289
\c@pgf@countd=\count290
\t@pgf@toka=\toks32
\t@pgf@tokb=\toks33
\t@pgf@tokc=\toks34
\pgf@sys@id@count=\count291
 (/usr/local/texlive/2024/texmf-dist/tex/generic/pgf/systemlayer/pgf.cfg
File: pgf.cfg 2023-01-15 v3.1.10 (3.1.10)
)
Driver file for pgf: pgfsys-pdftex.def
 (/usr/local/texlive/2024/texmf-dist/tex/generic/pgf/systemlayer/pgfsys-pdftex.def
File: pgfsys-pdftex.def 2023-01-15 v3.1.10 (3.1.10)
 (/usr/local/texlive/2024/texmf-dist/tex/generic/pgf/systemlayer/pgfsys-common-pdf.def
File: pgfsys-common-pdf.def 2023-01-15 v3.1.10 (3.1.10)
))) (/usr/local/texlive/2024/texmf-dist/tex/generic/pgf/systemlayer/pgfsyssoftpath.code.tex
File: pgfsyssoftpath.code.tex 2023-01-15 v3.1.10 (3.1.10)
\pgfsyssoftpath@smallbuffer@items=\count292
\pgfsyssoftpath@bigbuffer@items=\count293
) (/usr/local/texlive/2024/texmf-dist/tex/generic/pgf/systemlayer/pgfsysprotocol.code.tex
File: pgfsysprotocol.code.tex 2023-01-15 v3.1.10 (3.1.10)
)) (/usr/local/texlive/2024/texmf-dist/tex/latex/hyperref/hyperref.sty
Package: hyperref 2024-01-20 v7.01h Hypertext links for LaTeX
 (/usr/local/texlive/2024/texmf-dist/tex/latex/kvsetkeys/kvsetkeys.sty
Package: kvsetkeys 2022-10-05 v1.19 Key value parser (HO)
) (/usr/local/texlive/2024/texmf-dist/tex/generic/kvdefinekeys/kvdefinekeys.sty
Package: kvdefinekeys 2019-12-19 v1.6 Define keys (HO)
) (/usr/local/texlive/2024/texmf-dist/tex/generic/pdfescape/pdfescape.sty
Package: pdfescape 2019/12/09 v1.15 Implements pdfTeX's escape features (HO)
) (/usr/local/texlive/2024/texmf-dist/tex/latex/hycolor/hycolor.sty
Package: hycolor 2020-01-27 v1.10 Color options for hyperref/bookmark (HO)
) (/usr/local/texlive/2024/texmf-dist/tex/latex/hyperref/nameref.sty
Package: nameref 2023-11-26 v2.56 Cross-referencing by name of section
 (/usr/local/texlive/2024/texmf-dist/tex/latex/refcount/refcount.sty
Package: refcount 2019/12/15 v3.6 Data extraction from label references (HO)
) (/usr/local/texlive/2024/texmf-dist/tex/generic/gettitlestring/gettitlestring.sty
Package: gettitlestring 2019/12/15 v1.6 Cleanup title references (HO)
 (/usr/local/texlive/2024/texmf-dist/tex/latex/kvoptions/kvoptions.sty
Package: kvoptions 2022-06-15 v3.15 Key value format for package options (HO)
))
\c@section@level=\count294
)
\@linkdim=\dimen176
\Hy@linkcounter=\count295
\Hy@pagecounter=\count296
 (/usr/local/texlive/2024/texmf-dist/tex/latex/hyperref/pd1enc.def
File: pd1enc.def 2024-01-20 v7.01h Hyperref: PDFDocEncoding definition (HO)
Now handling font encoding PD1 ...
... no UTF-8 mapping file for font encoding PD1
) (/usr/local/texlive/2024/texmf-dist/tex/generic/intcalc/intcalc.sty
Package: intcalc 2019/12/15 v1.3 Expandable calculations with integers (HO)
)
\Hy@SavedSpaceFactor=\count297
 (/usr/local/texlive/2024/texmf-dist/tex/latex/hyperref/puenc.def
File: puenc.def 2024-01-20 v7.01h Hyperref: PDF Unicode definition (HO)
Now handling font encoding PU ...
... no UTF-8 mapping file for font encoding PU
)
Package hyperref Info: Hyper figures OFF on input line 4179.
Package hyperref Info: Link nesting OFF on input line 4184.
Package hyperref Info: Hyper index ON on input line 4187.
Package hyperref Info: Plain pages OFF on input line 4194.
Package hyperref Info: Backreferencing OFF on input line 4199.
Package hyperref Info: Implicit mode ON; LaTeX internals redefined.
Package hyperref Info: Bookmarks ON on input line 4446.
\c@Hy@tempcnt=\count298
 (/usr/local/texlive/2024/texmf-dist/tex/latex/url/url.sty
\Urlmuskip=\muskip16
Package: url 2013/09/16  ver 3.4  Verb mode for urls, etc.
)
LaTeX Info: Redefining \url on input line 4784.
\XeTeXLinkMargin=\dimen177
 (/usr/local/texlive/2024/texmf-dist/tex/generic/bitset/bitset.sty
Package: bitset 2019/12/09 v1.3 Handle bit-vector datatype (HO)
 (/usr/local/texlive/2024/texmf-dist/tex/generic/bigintcalc/bigintcalc.sty
Package: bigintcalc 2019/12/15 v1.5 Expandable calculations on big integers (HO)
))
\Fld@menulength=\count299
\Field@Width=\dimen178
\Fld@charsize=\dimen179
Package hyperref Info: Hyper figures OFF on input line 6063.
Package hyperref Info: Link nesting OFF on input line 6068.
Package hyperref Info: Hyper index ON on input line 6071.
Package hyperref Info: backreferencing OFF on input line 6078.
Package hyperref Info: Link coloring OFF on input line 6083.
Package hyperref Info: Link coloring with OCG OFF on input line 6088.
Package hyperref Info: PDF/A mode OFF on input line 6093.
 (/usr/local/texlive/2024/texmf-dist/tex/latex/base/atbegshi-ltx.sty
Package: atbegshi-ltx 2021/01/10 v1.0c Emulation of the original atbegshi
package with kernel methods
)
\Hy@abspage=\count300
\c@Item=\count301
\c@Hfootnote=\count302
)
Package hyperref Info: Driver (autodetected): hpdftex.
 (/usr/local/texlive/2024/texmf-dist/tex/latex/hyperref/hpdftex.def
File: hpdftex.def 2024-01-20 v7.01h Hyperref driver for pdfTeX
 (/usr/local/texlive/2024/texmf-dist/tex/latex/base/atveryend-ltx.sty
Package: atveryend-ltx 2020/08/19 v1.0a Emulation of the original atveryend package
with kernel methods
)
\Fld@listcount=\count303
\c@bookmark@seq@number=\count304
 (/usr/local/texlive/2024/texmf-dist/tex/latex/rerunfilecheck/rerunfilecheck.sty
Package: rerunfilecheck 2022-07-10 v1.10 Rerun checks for auxiliary files (HO)
 (/usr/local/texlive/2024/texmf-dist/tex/generic/uniquecounter/uniquecounter.sty
Package: uniquecounter 2019/12/15 v1.4 Provide unlimited unique counter (HO)
)
Package uniquecounter Info: New unique counter `rerunfilecheck' on input line 285.
)
\Hy@SectionHShift=\skip52
) (/usr/local/texlive/2024/texmf-dist/tex/latex/pgf/frontendlayer/tikz.sty (/usr/local/texlive/2024/texmf-dist/tex/latex/pgf/basiclayer/pgf.sty
Package: pgf 2023-01-15 v3.1.10 (3.1.10)
 (/usr/local/texlive/2024/texmf-dist/tex/latex/pgf/basiclayer/pgfcore.sty (/usr/local/texlive/2024/texmf-dist/tex/generic/pgf/basiclayer/pgfcore.code.tex
Package: pgfcore 2023-01-15 v3.1.10 (3.1.10)
 (/usr/local/texlive/2024/texmf-dist/tex/generic/pgf/math/pgfint.code.tex) (/usr/local/texlive/2024/texmf-dist/tex/generic/pgf/basiclayer/pgfcorepoints.code.tex
File: pgfcorepoints.code.tex 2023-01-15 v3.1.10 (3.1.10)
\pgf@picminx=\dimen180
\pgf@picmaxx=\dimen181
\pgf@picminy=\dimen182
\pgf@picmaxy=\dimen183
\pgf@pathminx=\dimen184
\pgf@pathmaxx=\dimen185
\pgf@pathminy=\dimen186
\pgf@pathmaxy=\dimen187
\pgf@xx=\dimen188
\pgf@xy=\dimen189
\pgf@yx=\dimen190
\pgf@yy=\dimen191
\pgf@zx=\dimen192
\pgf@zy=\dimen193
) (/usr/local/texlive/2024/texmf-dist/tex/generic/pgf/basiclayer/pgfcorepathconstruct.code.tex
File: pgfcorepathconstruct.code.tex 2023-01-15 v3.1.10 (3.1.10)
\pgf@path@lastx=\dimen194
\pgf@path@lasty=\dimen195
) (/usr/local/texlive/2024/texmf-dist/tex/generic/pgf/basiclayer/pgfcorepathusage.code.tex
File: pgfcorepathusage.code.tex 2023-01-15 v3.1.10 (3.1.10)
\pgf@shorten@end@additional=\dimen196
\pgf@shorten@start@additional=\dimen197
) (/usr/local/texlive/2024/texmf-dist/tex/generic/pgf/basiclayer/pgfcorescopes.code.tex
File: pgfcorescopes.code.tex 2023-01-15 v3.1.10 (3.1.10)
\pgfpic=\box67
\pgf@hbox=\box68
\pgf@layerbox@main=\box69
\pgf@picture@serial@count=\count305
) (/usr/local/texlive/2024/texmf-dist/tex/generic/pgf/basiclayer/pgfcoregraphicstate.code.tex
File: pgfcoregraphicstate.code.tex 2023-01-15 v3.1.10 (3.1.10)
\pgflinewidth=\dimen198
) (/usr/local/texlive/2024/texmf-dist/tex/generic/pgf/basiclayer/pgfcoretransformations.code.tex
File: pgfcoretransformations.code.tex 2023-01-15 v3.1.10 (3.1.10)
\pgf@pt@x=\dimen199
\pgf@pt@y=\dimen256
\pgf@pt@temp=\dimen257
) (/usr/local/texlive/2024/texmf-dist/tex/generic/pgf/basiclayer/pgfcorequick.code.tex
File: pgfcorequick.code.tex 2023-01-15 v3.1.10 (3.1.10)
) (/usr/local/texlive/2024/texmf-dist/tex/generic/pgf/basiclayer/pgfcoreobjects.code.tex
File: pgfcoreobjects.code.tex 2023-01-15 v3.1.10 (3.1.10)
) (/usr/local/texlive/2024/texmf-dist/tex/generic/pgf/basiclayer/pgfcorepathprocessing.code.tex
File: pgfcorepathprocessing.code.tex 2023-01-15 v3.1.10 (3.1.10)
) (/usr/local/texlive/2024/texmf-dist/tex/generic/pgf/basiclayer/pgfcorearrows.code.tex
File: pgfcorearrows.code.tex 2023-01-15 v3.1.10 (3.1.10)
\pgfarrowsep=\dimen258
) (/usr/local/texlive/2024/texmf-dist/tex/generic/pgf/basiclayer/pgfcoreshade.code.tex
File: pgfcoreshade.code.tex 2023-01-15 v3.1.10 (3.1.10)
\pgf@max=\dimen259
\pgf@sys@shading@range@num=\count306
\pgf@shadingcount=\count307
) (/usr/local/texlive/2024/texmf-dist/tex/generic/pgf/basiclayer/pgfcoreimage.code.tex
File: pgfcoreimage.code.tex 2023-01-15 v3.1.10 (3.1.10)
) (/usr/local/texlive/2024/texmf-dist/tex/generic/pgf/basiclayer/pgfcoreexternal.code.tex
File: pgfcoreexternal.code.tex 2023-01-15 v3.1.10 (3.1.10)
\pgfexternal@startupbox=\box70
) (/usr/local/texlive/2024/texmf-dist/tex/generic/pgf/basiclayer/pgfcorelayers.code.tex
File: pgfcorelayers.code.tex 2023-01-15 v3.1.10 (3.1.10)
) (/usr/local/texlive/2024/texmf-dist/tex/generic/pgf/basiclayer/pgfcoretransparency.code.tex
File: pgfcoretransparency.code.tex 2023-01-15 v3.1.10 (3.1.10)
) (/usr/local/texlive/2024/texmf-dist/tex/generic/pgf/basiclayer/pgfcorepatterns.code.tex
File: pgfcorepatterns.code.tex 2023-01-15 v3.1.10 (3.1.10)
) (/usr/local/texlive/2024/texmf-dist/tex/generic/pgf/basiclayer/pgfcorerdf.code.tex
File: pgfcorerdf.code.tex 2023-01-15 v3.1.10 (3.1.10)
))) (/usr/local/texlive/2024/texmf-dist/tex/generic/pgf/modules/pgfmoduleshapes.code.tex
File: pgfmoduleshapes.code.tex 2023-01-15 v3.1.10 (3.1.10)
\pgfnodeparttextbox=\box71
) (/usr/local/texlive/2024/texmf-dist/tex/generic/pgf/modules/pgfmoduleplot.code.tex
File: pgfmoduleplot.code.tex 2023-01-15 v3.1.10 (3.1.10)
) (/usr/local/texlive/2024/texmf-dist/tex/latex/pgf/compatibility/pgfcomp-version-0-65.sty
Package: pgfcomp-version-0-65 2023-01-15 v3.1.10 (3.1.10)
\pgf@nodesepstart=\dimen260
\pgf@nodesepend=\dimen261
) (/usr/local/texlive/2024/texmf-dist/tex/latex/pgf/compatibility/pgfcomp-version-1-18.sty
Package: pgfcomp-version-1-18 2023-01-15 v3.1.10 (3.1.10)
)) (/usr/local/texlive/2024/texmf-dist/tex/generic/pgf/frontendlayer/tikz/tikz.code.tex
Package: tikz 2023-01-15 v3.1.10 (3.1.10)
 (/usr/local/texlive/2024/texmf-dist/tex/generic/pgf/libraries/pgflibraryplothandlers.code.tex
File: pgflibraryplothandlers.code.tex 2023-01-15 v3.1.10 (3.1.10)
\pgf@plot@mark@count=\count308
\pgfplotmarksize=\dimen262
)
\tikz@lastx=\dimen263
\tikz@lasty=\dimen264
\tikz@lastxsaved=\dimen265
\tikz@lastysaved=\dimen266
\tikz@lastmovetox=\dimen267
\tikz@lastmovetoy=\dimen268
\tikzleveldistance=\dimen269
\tikzsiblingdistance=\dimen270
\tikz@figbox=\box72
\tikz@figbox@bg=\box73
\tikz@tempbox=\box74
\tikz@tempbox@bg=\box75
\tikztreelevel=\count309
\tikznumberofchildren=\count310
\tikznumberofcurrentchild=\count311
\tikz@fig@count=\count312
 (/usr/local/texlive/2024/texmf-dist/tex/generic/pgf/modules/pgfmodulematrix.code.tex
File: pgfmodulematrix.code.tex 2023-01-15 v3.1.10 (3.1.10)
\pgfmatrixcurrentrow=\count313
\pgfmatrixcurrentcolumn=\count314
\pgf@matrix@numberofcolumns=\count315
)
\tikz@expandcount=\count316
 (/usr/local/texlive/2024/texmf-dist/tex/generic/pgf/frontendlayer/tikz/libraries/tikzlibrarytopaths.code.tex
File: tikzlibrarytopaths.code.tex 2023-01-15 v3.1.10 (3.1.10)
))) (/usr/local/texlive/2024/texmf-dist/tex/generic/pgf/libraries/pgflibraryarrows.meta.code.tex
File: pgflibraryarrows.meta.code.tex 2023-01-15 v3.1.10 (3.1.10)
\pgfarrowinset=\dimen271
\pgfarrowlength=\dimen272
\pgfarrowwidth=\dimen273
\pgfarrowlinewidth=\dimen274
) (/usr/local/texlive/2024/texmf-dist/tex/generic/pgf/frontendlayer/tikz/libraries/tikzlibrarycalc.code.tex
File: tikzlibrarycalc.code.tex 2023-01-15 v3.1.10 (3.1.10)
) (/usr/local/texlive/2024/texmf-dist/tex/generic/pgf/frontendlayer/tikz/libraries/tikzlibrarymatrix.code.tex
File: tikzlibrarymatrix.code.tex 2023-01-15 v3.1.10 (3.1.10)
) (/usr/local/texlive/2024/texmf-dist/tex/latex/amsfonts/amssymb.sty
Package: amssymb 2013/01/14 v3.01 AMS font symbols
 (/usr/local/texlive/2024/texmf-dist/tex/latex/amsfonts/amsfonts.sty
Package: amsfonts 2013/01/14 v3.01 Basic AMSFonts support
\symAMSa=\mathgroup4
\symAMSb=\mathgroup5
LaTeX Font Info:    Redeclaring math symbol \hbar on input line 98.
LaTeX Font Info:    Overwriting math alphabet `\mathfrak' in version `bold'
(Font)                  U/euf/m/n --> U/euf/b/n on input line 106.
)) (/usr/local/texlive/2024/texmf-dist/tex/latex/amsmath/amsmath.sty
Package: amsmath 2023/05/13 v2.17o AMS math features
\@mathmargin=\skip53

For additional information on amsmath, use the `?' option.
(/usr/local/texlive/2024/texmf-dist/tex/latex/amsmath/amsbsy.sty
Package: amsbsy 1999/11/29 v1.2d Bold Symbols
\pmbraise@=\dimen275
) (/usr/local/texlive/2024/texmf-dist/tex/latex/amsmath/amsopn.sty
Package: amsopn 2022/04/08 v2.04 operator names
)
\inf@bad=\count317
LaTeX Info: Redefining \frac on input line 234.
\uproot@=\count318
\leftroot@=\count319
LaTeX Info: Redefining \overline on input line 399.
LaTeX Info: Redefining \colon on input line 410.
\classnum@=\count320
\DOTSCASE@=\count321
LaTeX Info: Redefining \ldots on input line 496.
LaTeX Info: Redefining \dots on input line 499.
LaTeX Info: Redefining \cdots on input line 620.
\Mathstrutbox@=\box76
\strutbox@=\box77
LaTeX Info: Redefining \big on input line 722.
LaTeX Info: Redefining \Big on input line 723.
LaTeX Info: Redefining \bigg on input line 724.
LaTeX Info: Redefining \Bigg on input line 725.
\big@size=\dimen276
LaTeX Font Info:    Redeclaring font encoding OML on input line 743.
LaTeX Font Info:    Redeclaring font encoding OMS on input line 744.
\macc@depth=\count322
LaTeX Info: Redefining \bmod on input line 905.
LaTeX Info: Redefining \pmod on input line 910.
LaTeX Info: Redefining \smash on input line 940.
LaTeX Info: Redefining \relbar on input line 970.
LaTeX Info: Redefining \Relbar on input line 971.
\c@MaxMatrixCols=\count323
\dotsspace@=\muskip17
\c@parentequation=\count324
\dspbrk@lvl=\count325
\tag@help=\toks35
\row@=\count326
\column@=\count327
\maxfields@=\count328
\andhelp@=\toks36
\eqnshift@=\dimen277
\alignsep@=\dimen278
\tagshift@=\dimen279
\tagwidth@=\dimen280
\totwidth@=\dimen281
\lineht@=\dimen282
\@envbody=\toks37
\multlinegap=\skip54
\multlinetaggap=\skip55
\mathdisplay@stack=\toks38
LaTeX Info: Redefining \[ on input line 2953.
LaTeX Info: Redefining \] on input line 2954.
) (/usr/local/texlive/2024/texmf-dist/tex/latex/jknapltx/mathrsfs.sty
Package: mathrsfs 1996/01/01 Math RSFS package v1.0 (jk)
\symrsfs=\mathgroup6
) (/usr/local/texlive/2024/texmf-dist/tex/latex/base/ifthen.sty
Package: ifthen 2022/04/13 v1.1d Standard LaTeX ifthen package (DPC)
) (./V√¶rkt√∏jer/Hukommelse.tex
\c@vaerdiet=\count329
\c@vaerdito=\count330
\c@vaerditre=\count331
\c@vaerdifire=\count332
) (./V√¶rkt√∏jer/DesignFunktioner.tex
\c@kapitel=\count333
\c@alfabetTabular=\count334
) (./V√¶rkt√∏jer/MatematiskeFunktioner.tex) (./V√¶rkt√∏jer/Egentabel.tex
\c@raekketaeller=\count335
) (./Indhold/Billeder/Billeder.tex)
Package translations Info: No language package found. I am going to use `english' as default language. on input line 32.
 (/usr/local/texlive/2024/texmf-dist/tex/latex/l3backend/l3backend-pdftex.def
File: l3backend-pdftex.def 2024-02-20 L3 backend support: PDF output (pdfTeX)
\l__color_backend_stack_int=\count336
\l__pdf_internal_box=\box78
) (build/Opl√¶sning.aux

LaTeX Warning: Label `fig:Opgave 5.2.png' multiply defined.


LaTeX Warning: Label `fig:Opgave 5.2.png' multiply defined.

)
\openout1 = `Opl√¶sning.aux'.

LaTeX Font Info:    Checking defaults for OML/cmm/m/it on input line 32.
LaTeX Font Info:    ... okay on input line 32.
LaTeX Font Info:    Checking defaults for OMS/cmsy/m/n on input line 32.
LaTeX Font Info:    ... okay on input line 32.
LaTeX Font Info:    Checking defaults for OT1/cmr/m/n on input line 32.
LaTeX Font Info:    ... okay on input line 32.
LaTeX Font Info:    Checking defaults for T1/cmr/m/n on input line 32.
LaTeX Font Info:    ... okay on input line 32.
LaTeX Font Info:    Checking defaults for TS1/cmr/m/n on input line 32.
LaTeX Font Info:    ... okay on input line 32.
LaTeX Font Info:    Checking defaults for OMX/cmex/m/n on input line 32.
LaTeX Font Info:    ... okay on input line 32.
LaTeX Font Info:    Checking defaults for U/cmr/m/n on input line 32.
LaTeX Font Info:    ... okay on input line 32.
LaTeX Font Info:    Checking defaults for PD1/pdf/m/n on input line 32.
LaTeX Font Info:    ... okay on input line 32.
LaTeX Font Info:    Checking defaults for PU/pdf/m/n on input line 32.
LaTeX Font Info:    ... okay on input line 32.
 (/usr/local/texlive/2024/texmf-dist/tex/latex/translations/translations-basic-dictionary-english.trsl
File: translations-basic-dictionary-english.trsl (english translation file `translations-basic-dictionary')
)
Package translations Info: loading dictionary `translations-basic-dictionary' for `english'. on input line 32.
 (/usr/local/texlive/2024/texmf-dist/tex/context/base/mkii/supp-pdf.mkii
[Loading MPS to PDF converter (version 2006.09.02).]
\scratchcounter=\count337
\scratchdimen=\dimen283
\scratchbox=\box79
\nofMPsegments=\count338
\nofMParguments=\count339
\everyMPshowfont=\toks39
\MPscratchCnt=\count340
\MPscratchDim=\dimen284
\MPnumerator=\count341
\makeMPintoPDFobject=\count342
\everyMPtoPDFconversion=\toks40
) (/usr/local/texlive/2024/texmf-dist/tex/latex/epstopdf-pkg/epstopdf-base.sty
Package: epstopdf-base 2020-01-24 v2.11 Base part for package epstopdf
Package epstopdf-base Info: Redefining graphics rule for `.eps' on input line 485.
 (/usr/local/texlive/2024/texmf-dist/tex/latex/latexconfig/epstopdf-sys.cfg
File: epstopdf-sys.cfg 2010/07/13 v1.3 Configuration of (r)epstopdf for TeX Live
))
Package hyperref Info: Link coloring OFF on input line 32.
 (build/Opl√¶sning.out) (build/Opl√¶sning.out)
\@outlinefile=\write4
\openout4 = `Opl√¶sning.out'.

LaTeX Font Info:    Trying to load font information for U+msa on input line 33.
 (/usr/local/texlive/2024/texmf-dist/tex/latex/amsfonts/umsa.fd
File: umsa.fd 2013/01/14 v3.01 AMS symbols A
)
LaTeX Font Info:    Trying to load font information for U+msb on input line 33.
 (/usr/local/texlive/2024/texmf-dist/tex/latex/amsfonts/umsb.fd
File: umsb.fd 2013/01/14 v3.01 AMS symbols B
)
LaTeX Font Info:    Trying to load font information for U+rsfs on input line 33.
 (/usr/local/texlive/2024/texmf-dist/tex/latex/jknapltx/ursfs.fd
File: ursfs.fd 1998/03/24 rsfs font definition file (jk)
) [1

{/usr/local/texlive/2024/texmf-var/fonts/map/pdftex/updmap/pdftex.map}] (build/Opl√¶sning.toc
Overfull \hbox (1.50995pt too wide) in paragraph at lines 23--23
 [][] [][][] [][]  
 []

)
\tf@toc=\write5
\openout5 = `Opl√¶sning.toc'.

 [2

] (./Indhold/Opgaver.tex [3


] [4

] [5

]
<Indhold/Billeder/Opgave 2.5.png, id=220, 1390.19376pt x 718.685pt>
File: Indhold/Billeder/Opgave 2.5.png Graphic file (type png)
<use Indhold/Billeder/Opgave 2.5.png>
Package pdftex.def Info: Indhold/Billeder/Opgave 2.5.png  used on input line 36.
(pdftex.def)             Requested size: 973.12901pt x 503.07607pt.


LaTeX Warning: `!h' float specifier changed to `!ht'.

[6

]

LaTeX Warning: Text page 7 contains only floats.


Overfull \vbox (3.02051pt too high) has occurred while \output is active []

 [7 <./Indhold/Billeder/Opgave 2.5.png>]
Package svg Info: Last page of `./svg-inkscape/Feedback system_svg-tex.pdf' is 1 on input line 40.
 (./svg-inkscape/Feedback system_svg-tex.pdf_tex
<./svg-inkscape/Feedback system_svg-tex.pdf, id=234, page=1, 276.3085pt x 152.1889pt>
File: ./svg-inkscape/Feedback system_svg-tex.pdf Graphic file (type pdf)
<use ./svg-inkscape/Feedback system_svg-tex.pdf, page 1>
Package pdftex.def Info: ./svg-inkscape/Feedback system_svg-tex.pdf , page1 used on input line 56.
(pdftex.def)             Requested size: 110.5217pt x 60.87447pt.
)
<Indhold/Billeder/Opgave 2.1.png, id=235, 1092.7224pt x 650.43pt>
File: Indhold/Billeder/Opgave 2.1.png Graphic file (type png)
<use Indhold/Billeder/Opgave 2.1.png>
Package pdftex.def Info: Indhold/Billeder/Opgave 2.1.png  used on input line 45.
(pdftex.def)             Requested size: 300.49126pt x 178.86383pt.
 [8

 <./svg-inkscape/Feedback system_svg-tex.pdf> <./Indhold/Billeder/Opgave 2.1.png>]
Overfull \hbox (101.76866pt too wide) detected at line 68
[]\OT1/cmr/m/n/10 (\OML/cmm/m/it/10 ![] \OMS/cmsy/m/n/10 ^^C \OML/cmm/m/it/10 n\OT1/cmr/m/n/10 ) = [1\OML/cmm/m/it/10 :\OT1/cmr/m/n/10 0\OML/cmm/m/it/10 ;  \OMS/cmsy/m/n/10 ^^@\OT1/cmr/m/n/10 0\OML/cmm/m/it/10 :\OT1/cmr/m/n/10 8\OML/cmm/m/it/10 ;  \OT1/cmr/m/n/10 0\OML/cmm/m/it/10 :\OT1/cmr/m/n/10 3\OML/cmm/m/it/10 ;  \OT1/cmr/m/n/10 0\OML/cmm/m/it/10 :\OT1/cmr/m/n/10 3\OML/cmm/m/it/10 ;  \OMS/cmsy/m/n/10 ^^@\OT1/cmr/m/n/10 0\OML/cmm/m/it/10 :\OT1/cmr/m/n/10 8\OML/cmm/m/it/10 ;  \OT1/cmr/m/n/10 1\OML/cmm/m/it/10 :\OT1/cmr/m/n/10 0\OML/cmm/m/it/10 ;  \OMS/cmsy/m/n/10 ^^@\OT1/cmr/m/n/10 0\OML/cmm/m/it/10 :\OT1/cmr/m/n/10 8\OML/cmm/m/it/10 ;  \OT1/cmr/m/n/10 0\OML/cmm/m/it/10 :\OT1/cmr/m/n/10 2\OML/cmm/m/it/10 ;  \OT1/cmr/m/n/10 0\OML/cmm/m/it/10 :\OT1/cmr/m/n/10 4\OML/cmm/m/it/10 ;  \OMS/cmsy/m/n/10 ^^@\OT1/cmr/m/n/10 0\OML/cmm/m/it/10 :\OT1/cmr/m/n/10 9\OML/cmm/m/it/10 ;  \OT1/cmr/m/n/10 1\OML/cmm/m/it/10 :\OT1/cmr/m/n/10 0\OML/cmm/m/it/10 ;  \OMS/cmsy/m/n/10 ^^@\OT1/cmr/m/n/10 0\OML/cmm/m/it/10 :\OT1/cmr/m/n/10 7\OML/cmm/m/it/10 ;  \OT1/cmr/m/n/10 0\OML/cmm/m/it/10 :\OT1/cmr/m/n/10 2\OML/cmm/m/it/10 ;  \OT1/cmr/m/n/10 0\OML/cmm/m/it/10 :\OT1/cmr/m/n/10 5\OML/cmm/m/it/10 ;  \OMS/cmsy/m/n/10 ^^@\OT1/cmr/m/n/10 0\OML/cmm/m/it/10 :\OT1/cmr/m/n/10 9\OML/cmm/m/it/10 ;  \OT1/cmr/m/n/10 1\OML/cmm/m/it/10 :\OT1/cmr/m/n/10 0\OML/cmm/m/it/10 ;  \OMS/cmsy/m/n/10 ^^@\OT1/cmr/m/n/10 0\OML/cmm/m/it/10 :\OT1/cmr/m/n/10 7\OML/cmm/m/it/10 ;  \OT1/cmr/m/n/10 ]
 []

<Indhold/Billeder/Opgave 2.3.png, id=245, 1283.79625pt x 695.59875pt>
File: Indhold/Billeder/Opgave 2.3.png Graphic file (type png)
<use Indhold/Billeder/Opgave 2.3.png>
Package pdftex.def Info: Indhold/Billeder/Opgave 2.3.png  used on input line 81.
(pdftex.def)             Requested size: 385.14185pt x 208.68123pt.

LaTeX Warning: `!h' float specifier changed to `!ht'.

[9]

Package hyperref Warning: Token not allowed in a PDF string (Unicode):
(hyperref)                removing `math shift' on input line 86.


Package hyperref Warning: Token not allowed in a PDF string (Unicode):
(hyperref)                removing `\@ifnextchar' on input line 86.


Package hyperref Warning: Token not allowed in a PDF string (Unicode):
(hyperref)                removing `math shift' on input line 86.


pdfTeX warning (ext4): destination with the same identifier (name{alfabetTabular.1}) has been already used, duplicate ignored
<to be read again> 
                   \relax 
l.89 ...¶kvivalente system hvor at $y=conv(h, x)$]
                                                   [10 <./Indhold/Billeder/Opgave 2.3.png>]
pdfTeX warning (ext4): destination with the same identifier (name{alfabetTabular.2}) has been already used, duplicate ignored
<to be read again> 
                   \relax 
l.105 ... to √¶kvivalente system representationer]
                                                  
Overfull \hbox (153.24191pt too wide) detected at line 117
\OML/cmm/m/it/10 y\OT1/cmr/m/n/10 [\OML/cmm/m/it/10 n\OT1/cmr/m/n/10 ] = 1\OML/cmm/m/it/10 ; \OT1/cmr/m/n/10 15\OML/cmm/m/it/10 y\OT1/cmr/m/n/10 [\OML/cmm/m/it/10 n \OMS/cmsy/m/n/10 ^^@ \OT1/cmr/m/n/10 1] \OMS/cmsy/m/n/10 ^^@ \OT1/cmr/m/n/10 1\OML/cmm/m/it/10 :\OT1/cmr/m/n/10 5\OML/cmm/m/it/10 y\OT1/cmr/m/n/10 [\OML/cmm/m/it/10 n \OMS/cmsy/m/n/10 ^^@ \OT1/cmr/m/n/10 2] + 0\OML/cmm/m/it/10 ; \OT1/cmr/m/n/10 7\OML/cmm/m/it/10 y\OT1/cmr/m/n/10 [\OML/cmm/m/it/10 n \OMS/cmsy/m/n/10 ^^@ \OT1/cmr/m/n/10 3] \OMS/cmsy/m/n/10 ^^@ \OT1/cmr/m/n/10 0\OML/cmm/m/it/10 ; \OT1/cmr/m/n/10 25 \OMS/cmsy/m/n/10 ^^C \OML/cmm/m/it/10 y\OT1/cmr/m/n/10 [\OML/cmm/m/it/10 n \OMS/cmsy/m/n/10 ^^@ \OT1/cmr/m/n/10 4] + 0\OML/cmm/m/it/10 ; \OT1/cmr/m/n/10 18\OML/cmm/m/it/10 x\OT1/cmr/m/n/10 [\OML/cmm/m/it/10 n\OT1/cmr/m/n/10 ] + 0\OML/cmm/m/it/10 ; \OT1/cmr/m/n/10 1\OML/cmm/m/it/10 x\OT1/cmr/m/n/10 [\OML/cmm/m/it/10 n \OMS/cmsy/m/n/10 ^^@ \OT1/cmr/m/n/10 1] + 0\OML/cmm/m/it/10 ; \OT1/cmr/m/n/10 3\OML/cmm/m/it/10 x\OT1/cmr/m/n/10 [\OML/cmm/m/it/10 n \OMS/cmsy/m/n/10 ^^@ \OT1/cmr/m/n/10 2] + 0\OML/cmm/m/it/10 :\OT1/cmr/m/n/10 1\OML/cmm/m/it/10 x\OT1/cmr/m/n/10 [\OML/cmm/m/it/10 n \OMS/cmsy/m/n/10 ^^@ \OT1/cmr/m/n/10 3] + 0\OML/cmm/m/it/10 :\OT1/cmr/m/n/10 18\OML/cmm/m/it/10 x\OT1/cmr/m/n/10 [\OML/cmm/m/it/10 n \OMS/cmsy/m/n/10 ^^@ \OT1/cmr/m/n/10 4]
 []


pdfTeX warning (ext4): destination with the same identifier (name{alfabetTabular.1}) has been already used, duplicate ignored
<to be read again> 
                   \relax 
l.119 ...nd plot the impulse response \text{h[n]}]
                                                   [11]
Underfull \hbox (badness 10000) in paragraph at lines 126--129

 []

<Indhold/Billeder/Opgave til kapitel 2.png, id=271, 462.528pt x 346.896pt>
File: Indhold/Billeder/Opgave til kapitel 2.png Graphic file (type png)
<use Indhold/Billeder/Opgave til kapitel 2.png>
Package pdftex.def Info: Indhold/Billeder/Opgave til kapitel 2.png  used on input line 141.
(pdftex.def)             Requested size: 115.63171pt x 86.72379pt.

pdfTeX warning (ext4): destination with the same identifier (name{alfabetTabular.2}) has been already used, duplicate ignored
<to be read again> 
                   \relax 
l.143 ...gn og plot output med \text{x[n] = u[n]}]
                                                  
Underfull \hbox (badness 10000) in paragraph at lines 129--143

 []


LaTeX Warning: `!h' float specifier changed to `!ht'.

<Indhold/Billeder/Opgave 2.17.a.png, id=272, 1251.67625pt x 762.85pt>
File: Indhold/Billeder/Opgave 2.17.a.png Graphic file (type png)
<use Indhold/Billeder/Opgave 2.17.a.png>
Package pdftex.def Info: Indhold/Billeder/Opgave 2.17.a.png  used on input line 156.
(pdftex.def)             Requested size: 312.91829pt x 190.71204pt.

Underfull \hbox (badness 10000) in paragraph at lines 144--157

 []


Underfull \hbox (badness 10000) in paragraph at lines 144--157

 []

[12] [13 <./Indhold/Billeder/Opgave til kapitel 2.png> <./Indhold/Billeder/Opgave 2.17.a.png>]
pdfTeX warning (ext4): destination with the same identifier (name{alfabetTabular.3}) has been already used, duplicate ignored
<to be read again> 
                   \relax 
l.158 ...}[Beregn og plot, men nu med convolution]
                                                  
<Indhold/Billeder/Opgave 2.17.b.png, id=290, 1235.61626pt x 765.86125pt>
File: Indhold/Billeder/Opgave 2.17.b.png Graphic file (type png)
<use Indhold/Billeder/Opgave 2.17.b.png>
Package pdftex.def Info: Indhold/Billeder/Opgave 2.17.b.png  used on input line 160.
(pdftex.def)             Requested size: 327.43675pt x 202.95226pt.
<Indhold/Billeder/Opgave 2.17.c.png, id=291, 1092.7224pt x 561.5379pt>
File: Indhold/Billeder/Opgave 2.17.c.png Graphic file (type png)
<use Indhold/Billeder/Opgave 2.17.c.png>
Package pdftex.def Info: Indhold/Billeder/Opgave 2.17.c.png  used on input line 164.
(pdftex.def)             Requested size: 300.49126pt x 154.41911pt.
 [14

 <./Indhold/Billeder/Opgave 2.17.b.png> <./Indhold/Billeder/Opgave 2.17.c.png>]
pdfTeX warning (ext4): destination with the same identifier (name{alfabetTabular.1}) has been already used, duplicate ignored
<to be read again> 
                   \relax 
l.175 ...g den til at processere handel lydfilen.]
                                                   [15]
pdfTeX warning (ext4): destination with the same identifier (name{alfabetTabular.1}) has been already used, duplicate ignored
<to be read again> 
                   \relax 
l.191 ...}[\text{$x[n] = 10*(u[n+10] - u[n-20])$}]
                                                  
pdfTeX warning (ext4): destination with the same identifier (name{alfabetTabular.2}) has been already used, duplicate ignored
<to be read again> 
                   \relax 
l.196 ...-10]) + (20 - n) * (u[n-10] - u[n-20])$}]
                                                  
pdfTeX warning (ext4): destination with the same identifier (name{alfabetTabular.3}) has been already used, duplicate ignored
<to be read again> 
                   \relax 
l.200 ...cos(\pi*n/5 - \pi/2) * (u[n]- u[n-40])$}]
                                                  
<Indhold/Billeder/Opgave 2.17.png, id=308, 1416.29124pt x 704.6325pt>
File: Indhold/Billeder/Opgave 2.17.png Graphic file (type png)
<use Indhold/Billeder/Opgave 2.17.png>
Package pdftex.def Info: Indhold/Billeder/Opgave 2.17.png  used on input line 203.
(pdftex.def)             Requested size: 566.50647pt x 281.848pt.
 [16 <./Indhold/Billeder/Opgave 2.17.png>]
Underfull \hbox (badness 10000) in paragraph at lines 219--223

 []


Underfull \hbox (badness 10000) in paragraph at lines 219--223

 []


Underfull \hbox (badness 10000) in paragraph at lines 228--233

 []


pdfTeX warning (ext4): destination with the same identifier (name{alfabetTabular.1}) has been already used, duplicate ignored
<to be read again> 
                   \relax 
l.238 ...kellen p√• den her og den i formel 2.103]
                                                   [17] [18]
<Indhold/Billeder/Opgave 2.33.png, id=328, 1092.7224pt x 561.5379pt>
File: Indhold/Billeder/Opgave 2.33.png Graphic file (type png)
<use Indhold/Billeder/Opgave 2.33.png>
Package pdftex.def Info: Indhold/Billeder/Opgave 2.33.png  used on input line 244.
(pdftex.def)             Requested size: 382.45857pt x 196.5412pt.

pdfTeX warning (ext4): destination with the same identifier (name{alfabetTabular.2}) has been already used, duplicate ignored
<to be read again> 
                   \relax 
l.247             \begin{UnderOpgave}\end
                                         {UnderOpgave}
pdfTeX warning (ext4): destination with the same identifier (name{alfabetTabular.3}) has been already used, duplicate ignored
<to be read again> 
                   \relax 
l.248 ...{UnderOpgave}[Beregn og plot for a = 0.7]
                                                  
Package svg Info: Last page of `./svg-inkscape/Opgave 2.50_svg-tex.pdf' is 1 on input line 251.
 (./svg-inkscape/Opgave 2.50_svg-tex.pdf_tex
<./svg-inkscape/Opgave 2.50_svg-tex.pdf, id=330, page=1, 5427.17186pt x 3277.75787pt>
File: ./svg-inkscape/Opgave 2.50_svg-tex.pdf Graphic file (type pdf)
<use ./svg-inkscape/Opgave 2.50_svg-tex.pdf, page 1>
Package pdftex.def Info: ./svg-inkscape/Opgave 2.50_svg-tex.pdf , page1 used on input line 56.
(pdftex.def)             Requested size: 407.02132pt x 245.82123pt.
)
pdfTeX warning (ext4): destination with the same identifier (name{alfabetTabular.4}) has been already used, duplicate ignored
<to be read again> 
                   \relax 
l.253 ...ed dette nye reverb filter og sammenlign]
                                                  

LaTeX Warning: `!h' float specifier changed to `!ht'.

[19

 <./Indhold/Billeder/Opgave 2.33.png>] [20 <./svg-inkscape/Opgave 2.50_svg-tex.pdf>]
pdfTeX warning (ext4): destination with the same identifier (name{alfabetTabular.1}) has been already used, duplicate ignored
<to be read again> 
                   \relax 
l.263 ...= (\frac{1}{2})^n * (u[n] - u[n - 10])$}]
                                                  
<Indhold/Billeder/Opgave 2.50.png, id=348, 1092.7224pt x 557.9244pt>
File: Indhold/Billeder/Opgave 2.50.png Graphic file (type png)
<use Indhold/Billeder/Opgave 2.50.png>
Package pdftex.def Info: Indhold/Billeder/Opgave 2.50.png  used on input line 272.
(pdftex.def)             Requested size: 546.35986pt x 278.9615pt.

pdfTeX warning (ext4): destination with the same identifier (name{alfabetTabular.2}) has been already used, duplicate ignored
<to be read again> 
                   \relax 
l.274 ...pgave}[\text{$x[n] = \frac{1}{2}^{|n|}$}]
                                                  

LaTeX Warning: `!h' float specifier changed to `!ht'.


Underfull \hbox (badness 10000) in paragraph at lines 275--278

 []

[21

] [22 <./Indhold/Billeder/Opgave 2.50.png>]
<Indhold/Billeder/Opgave 3.1.a.png, id=369, 548.5293pt x 560.8152pt>
File: Indhold/Billeder/Opgave 3.1.a.png Graphic file (type png)
<use Indhold/Billeder/Opgave 3.1.a.png>
Package pdftex.def Info: Indhold/Billeder/Opgave 3.1.a.png  used on input line 292.
(pdftex.def)             Requested size: 219.40782pt x 224.3221pt.

pdfTeX warning (ext4): destination with the same identifier (name{alfabetTabular.3}) has been already used, duplicate ignored
<to be read again> 
                   \relax 
l.294 ...gin{UnderOpgave}[\text{$x[n] = 5^{|n|}$}]
                                                  
Underfull \hbox (badness 10000) in paragraph at lines 295--297

 []


Underfull \hbox (badness 10000) in paragraph at lines 298--300

 []

[23 <./Indhold/Billeder/Opgave 3.1.a.png>]
pdfTeX warning (ext4): destination with the same identifier (name{alfabetTabular.4}) has been already used, duplicate ignored
<to be read again> 
                   \relax 
l.309 ...(1/2)^n * cos(\pi * n/3)*u[n]$}, forkert]
                                                  
Overfull \hbox (6.0148pt too wide) detected at line 311
\OML/cmm/m/it/10 X\OT1/cmr/m/n/10 (\OML/cmm/m/it/10 z\OT1/cmr/m/n/10 ) = [] []  \OMS/cmsy/m/n/10    []\OT1/cmr/m/n/10 (\OML/cmm/m/it/10 ^^R\OT1/cmr/m/n/10 ) = []
 []


Underfull \hbox (badness 10000) in paragraph at lines 314--318

 []

[24]
<Indhold/Billeder/Opgave 3.1.b.png, id=382, 548.5293pt x 560.8152pt>
File: Indhold/Billeder/Opgave 3.1.b.png Graphic file (type png)
<use Indhold/Billeder/Opgave 3.1.b.png>
Package pdftex.def Info: Indhold/Billeder/Opgave 3.1.b.png  used on input line 324.
(pdftex.def)             Requested size: 274.26398pt x 280.4069pt.

Overfull \hbox (19.03233pt too wide) detected at line 328
\OML/cmm/m/it/10 x\OT1/cmr/m/n/10 [\OML/cmm/m/it/10 n\OT1/cmr/m/n/10 ] = (\OML/cmm/m/it/10 r[] \OMS/cmsy/m/n/10 ^^C \OML/cmm/m/it/10 sin\OT1/cmr/m/n/10 (\OML/cmm/m/it/10 ![] \OMS/cmsy/m/n/10 ^^C \OML/cmm/m/it/10 n\OT1/cmr/m/n/10 ) \OMS/cmsy/m/n/10 ^^C \OML/cmm/m/it/10 u\OT1/cmr/m/n/10 [\OML/cmm/m/it/10 n\OT1/cmr/m/n/10 ]) [] \OML/cmm/m/it/10 X\OT1/cmr/m/n/10 (\OML/cmm/m/it/10 z\OT1/cmr/m/n/10 ) = []\OML/cmm/m/it/10 ; \OMS/cmsy/m/n/10 j\OML/cmm/m/it/10 z\OMS/cmsy/m/n/10 j \OML/cmm/m/it/10 > r
 []

[25 <./Indhold/Billeder/Opgave 3.1.b.png>]
Underfull \hbox (badness 10000) in paragraph at lines 344--347

 []


Underfull \hbox (badness 10000) in paragraph at lines 344--347

 []

[26]
Overfull \hbox (121.9021pt too wide) detected at line 358
\OML/cmm/m/it/10 X\OT1/cmr/m/n/10 (\OML/cmm/m/it/10 z\OT1/cmr/m/n/10 ) = [] \OMS/cmsy/m/n/10 ^^C \OT1/cmr/m/n/10 ([] \OMS/cmsy/m/n/10 ^^@ []\OT1/cmr/m/n/10 )
 []


pdfTeX warning (ext4): destination with the same identifier (name{alfabetTabular.1}) has been already used, duplicate ignored
<to be read again> 
                   \relax 
l.367 ...-1/3}{1, 1, -2}$, ROC er hele spektret?}]
                                                   [27]
Underfull \hbox (badness 10000) in paragraph at lines 370--372

 []


pdfTeX warning (ext4): destination with the same identifier (name{alfabetTabular.2}) has been already used, duplicate ignored
<to be read again> 
                   \relax 
l.379 ...1, -1}{1, 0.25}, \tab{0}$x[n] is causal}]
                                                  
pdfTeX warning (ext4): destination with the same identifier (name{alfabetTabular.3}) has been already used, duplicate ignored
<to be read again> 
                   \relax 
l.385 ...5},\tab{0}$ x[n] is absolutely summable}]
                                                  
pdfTeX warning (ext4): destination with the same identifier (name{alfabetTabular.1}) has been already used, duplicate ignored
<to be read again> 
                   \relax 
l.395 ...-1/3}{1, 1, -2}$, Alle ROCs skal findes}]
                                                   [28]
Overfull \hbox (23.45593pt too wide) detected at line 408
\OML/cmm/m/it/10 x\OT1/cmr/m/n/10 [\OML/cmm/m/it/10 n\OT1/cmr/m/n/10 ] = \OMS/cmsy/m/n/10 ^^@[] ^^C \OT1/cmr/m/n/10 (\OMS/cmsy/m/n/10 ^^@\OT1/cmr/m/n/10 2)[] \OMS/cmsy/m/n/10 ^^C \OML/cmm/m/it/10 u\OT1/cmr/m/n/10 [\OMS/cmsy/m/n/10 ^^@\OT1/cmr/m/n/10 1 \OMS/cmsy/m/n/10 ^^@ \OML/cmm/m/it/10 n\OT1/cmr/m/n/10 ] \OMS/cmsy/m/n/10 ^^@ [] ^^C \OT1/cmr/m/n/10 1[] \OMS/cmsy/m/n/10 ^^C \OML/cmm/m/it/10 u\OT1/cmr/m/n/10 [\OMS/cmsy/m/n/10 ^^@\OT1/cmr/m/n/10 1 \OMS/cmsy/m/n/10 ^^@ \OML/cmm/m/it/10 n\OT1/cmr/m/n/10 ]\OML/cmm/m/it/10 ;  ROC \OT1/cmr/m/n/10 : \OMS/cmsy/m/n/10 j\OML/cmm/m/it/10 z\OMS/cmsy/m/n/10 j \OML/cmm/m/it/10 < \OT1/cmr/m/n/10 2 \OMS/cmsy/m/n/10 \ j\OML/cmm/m/it/10 z\OMS/cmsy/m/n/10 j \OML/cmm/m/it/10 < \OT1/cmr/m/n/10 1  \OMS/cmsy/m/n/10 !  j\OML/cmm/m/it/10 z\OMS/cmsy/m/n/10 j \OML/cmm/m/it/10 < \OT1/cmr/m/n/10 1
 []


Overfull \hbox (28.178pt too wide) detected at line 410
\OML/cmm/m/it/10 x\OT1/cmr/m/n/10 [\OML/cmm/m/it/10 n\OT1/cmr/m/n/10 ] = [] \OMS/cmsy/m/n/10 ^^C \OT1/cmr/m/n/10 (\OMS/cmsy/m/n/10 ^^@\OT1/cmr/m/n/10 2)[] \OMS/cmsy/m/n/10 ^^C \OML/cmm/m/it/10 u\OT1/cmr/m/n/10 [\OML/cmm/m/it/10 n\OT1/cmr/m/n/10 ] \OMS/cmsy/m/n/10 ^^@ [] ^^C \OT1/cmr/m/n/10 1[] \OMS/cmsy/m/n/10 ^^C \OML/cmm/m/it/10 u\OT1/cmr/m/n/10 [\OMS/cmsy/m/n/10 ^^@\OT1/cmr/m/n/10 1 \OMS/cmsy/m/n/10 ^^@ \OML/cmm/m/it/10 n\OT1/cmr/m/n/10 ]\OML/cmm/m/it/10 ;  ROC \OT1/cmr/m/n/10 : \OMS/cmsy/m/n/10 j\OML/cmm/m/it/10 z\OMS/cmsy/m/n/10 j \OML/cmm/m/it/10 > \OT1/cmr/m/n/10 2 \OMS/cmsy/m/n/10 \ j\OML/cmm/m/it/10 z\OMS/cmsy/m/n/10 j \OML/cmm/m/it/10 < \OT1/cmr/m/n/10 1  \OMS/cmsy/m/n/10 !  \OT1/cmr/m/n/10 1 \OML/cmm/m/it/10 > \OMS/cmsy/m/n/10 j\OML/cmm/m/it/10 z\OMS/cmsy/m/n/10 j \OML/cmm/m/it/10 > \OT1/cmr/m/n/10 2 ?
 []


Overfull \hbox (21.23355pt too wide) detected at line 412
\OML/cmm/m/it/10 x\OT1/cmr/m/n/10 [\OML/cmm/m/it/10 n\OT1/cmr/m/n/10 ] = \OMS/cmsy/m/n/10 ^^@[] ^^C \OT1/cmr/m/n/10 (\OMS/cmsy/m/n/10 ^^@\OT1/cmr/m/n/10 2)[] \OMS/cmsy/m/n/10 ^^C \OML/cmm/m/it/10 u\OT1/cmr/m/n/10 [\OMS/cmsy/m/n/10 ^^@\OT1/cmr/m/n/10 1 \OMS/cmsy/m/n/10 ^^@ \OML/cmm/m/it/10 n\OT1/cmr/m/n/10 ] + [] \OMS/cmsy/m/n/10 ^^C \OT1/cmr/m/n/10 1[] \OMS/cmsy/m/n/10 ^^C \OML/cmm/m/it/10 u\OT1/cmr/m/n/10 [\OML/cmm/m/it/10 n\OT1/cmr/m/n/10 ]\OML/cmm/m/it/10 ;  ROC \OT1/cmr/m/n/10 : \OMS/cmsy/m/n/10 j\OML/cmm/m/it/10 z\OMS/cmsy/m/n/10 j \OML/cmm/m/it/10 < \OT1/cmr/m/n/10 2 \OMS/cmsy/m/n/10 \ j\OML/cmm/m/it/10 z\OMS/cmsy/m/n/10 j \OML/cmm/m/it/10 > \OT1/cmr/m/n/10 1  \OMS/cmsy/m/n/10 !  \OT1/cmr/m/n/10 2 \OML/cmm/m/it/10 > \OMS/cmsy/m/n/10 j\OML/cmm/m/it/10 z\OMS/cmsy/m/n/10 j \OML/cmm/m/it/10 > \OT1/cmr/m/n/10 1
 []


Underfull \hbox (badness 10000) in paragraph at lines 414--416

 []


Underfull \hbox (badness 10000) in paragraph at lines 414--416

 []


Underfull \hbox (badness 10000) in paragraph at lines 414--416

 []


Overfull \hbox (20.55667pt too wide) detected at line 416
\OT1/cmr/m/n/10 ===============================================
 []


Overfull \hbox (23.45593pt too wide) detected at line 418
\OML/cmm/m/it/10 x\OT1/cmr/m/n/10 [\OML/cmm/m/it/10 n\OT1/cmr/m/n/10 ] = \OMS/cmsy/m/n/10 ^^@[] ^^C \OT1/cmr/m/n/10 (\OMS/cmsy/m/n/10 ^^@\OT1/cmr/m/n/10 2)[] \OMS/cmsy/m/n/10 ^^C \OML/cmm/m/it/10 u\OT1/cmr/m/n/10 [\OMS/cmsy/m/n/10 ^^@\OT1/cmr/m/n/10 1 \OMS/cmsy/m/n/10 ^^@ \OML/cmm/m/it/10 n\OT1/cmr/m/n/10 ] \OMS/cmsy/m/n/10 ^^@ [] ^^C \OT1/cmr/m/n/10 1[] \OMS/cmsy/m/n/10 ^^C \OML/cmm/m/it/10 u\OT1/cmr/m/n/10 [\OMS/cmsy/m/n/10 ^^@\OT1/cmr/m/n/10 1 \OMS/cmsy/m/n/10 ^^@ \OML/cmm/m/it/10 n\OT1/cmr/m/n/10 ]\OML/cmm/m/it/10 ;  ROC \OT1/cmr/m/n/10 : \OMS/cmsy/m/n/10 j\OML/cmm/m/it/10 z\OMS/cmsy/m/n/10 j \OML/cmm/m/it/10 < \OT1/cmr/m/n/10 2 \OMS/cmsy/m/n/10 \ j\OML/cmm/m/it/10 z\OMS/cmsy/m/n/10 j \OML/cmm/m/it/10 < \OT1/cmr/m/n/10 1  \OMS/cmsy/m/n/10 !  j\OML/cmm/m/it/10 z\OMS/cmsy/m/n/10 j \OML/cmm/m/it/10 < \OT1/cmr/m/n/10 1
 []


Overfull \hbox (21.23355pt too wide) detected at line 419
\OML/cmm/m/it/10 x\OT1/cmr/m/n/10 [\OML/cmm/m/it/10 n\OT1/cmr/m/n/10 ] = \OMS/cmsy/m/n/10 ^^@[] ^^C \OT1/cmr/m/n/10 (\OMS/cmsy/m/n/10 ^^@\OT1/cmr/m/n/10 2)[] \OMS/cmsy/m/n/10 ^^C \OML/cmm/m/it/10 u\OT1/cmr/m/n/10 [\OMS/cmsy/m/n/10 ^^@\OT1/cmr/m/n/10 1 \OMS/cmsy/m/n/10 ^^@ \OML/cmm/m/it/10 n\OT1/cmr/m/n/10 ] + [] \OMS/cmsy/m/n/10 ^^C \OT1/cmr/m/n/10 1[] \OMS/cmsy/m/n/10 ^^C \OML/cmm/m/it/10 u\OT1/cmr/m/n/10 [\OML/cmm/m/it/10 n\OT1/cmr/m/n/10 ]\OML/cmm/m/it/10 ;  ROC \OT1/cmr/m/n/10 : \OMS/cmsy/m/n/10 j\OML/cmm/m/it/10 z\OMS/cmsy/m/n/10 j \OML/cmm/m/it/10 < \OT1/cmr/m/n/10 2 \OMS/cmsy/m/n/10 \ j\OML/cmm/m/it/10 z\OMS/cmsy/m/n/10 j \OML/cmm/m/it/10 > \OT1/cmr/m/n/10 1  \OMS/cmsy/m/n/10 !  \OT1/cmr/m/n/10 2 \OML/cmm/m/it/10 > \OMS/cmsy/m/n/10 j\OML/cmm/m/it/10 z\OMS/cmsy/m/n/10 j \OML/cmm/m/it/10 > \OT1/cmr/m/n/10 1
 []

[29]
Overfull \hbox (20.55667pt too wide) detected at line 420
\OT1/cmr/m/n/10 ===============================================
 []


pdfTeX warning (ext4): destination with the same identifier (name{alfabetTabular.2}) has been already used, duplicate ignored
<to be read again> 
                   \relax 
l.422 ...-1}{1, -0.25}, \tab{0} x[n]$ er kausul.}]
                                                  
pdfTeX warning (ext4): destination with the same identifier (name{alfabetTabular.3}) has been already used, duplicate ignored
<to be read again> 
                   \relax 
l.429 ...})}, \tab{0} x[n]$ er absolute summable}]
                                                   [30]
<Indhold/Billeder/Z transformations egenskaber.png, id=419, 586.19pt x 390.45876pt>
File: Indhold/Billeder/Z transformations egenskaber.png Graphic file (type png)
<use Indhold/Billeder/Z transformations egenskaber.png>
Package pdftex.def Info: Indhold/Billeder/Z transformations egenskaber.png  used on input line 448.
(pdftex.def)             Requested size: 293.09428pt x 195.2289pt.

pdfTeX warning (ext4): destination with the same identifier (name{alfabetTabular.1}) has been already used, duplicate ignored
<to be read again> 
                   \relax 
l.449 ...in{UnderOpgave}[\text{$y[n] = x[n - 3]$}]
                                                  
pdfTeX warning (ext4): destination with the same identifier (name{alfabetTabular.2}) has been already used, duplicate ignored
<to be read again> 
                   \relax 
l.455 ...}[\text{$y[n] = (\frac{1}{3})^n * x[n]$}]
                                                   [31 <./Indhold/Billeder/Z transformations egenskaber.png>]
Missing character: There is no z in font rsfs7!
Missing character: There is no z in font rsfs7!

pdfTeX warning (ext4): destination with the same identifier (name{alfabetTabular.3}) has been already used, duplicate ignored
<to be read again> 
                   \relax 
l.462 ...in{UnderOpgave}[\text{y[n] = x[n]*x[-n]}]
                                                  
pdfTeX warning (ext4): destination with the same identifier (name{alfabetTabular.4}) has been already used, duplicate ignored
<to be read again> 
                   \relax 
l.469 ...begin{UnderOpgave}[\text{y[n] = n*x[-n]}]
                                                  
Missing character: There is no z in font rsfs7!

pdfTeX warning (ext4): destination with the same identifier (name{alfabetTabular.1}) has been already used, duplicate ignored
<to be read again> 
                   \relax 
l.487 ...tab{0} x[n] = b^nu[n], \tab{0} a\neq b$}]
                                                   [32]
pdfTeX warning (ext4): destination with the same identifier (name{alfabetTabular.2}) has been already used, duplicate ignored
<to be read again> 
                   \relax 
l.495 ...[n],\tab{0} x[n] = b^nu[n],\tab{0} a=b$}]
                                                  
pdfTeX warning (ext4): destination with the same identifier (name{alfabetTabular.1}) has been already used, duplicate ignored
<to be read again> 
                   \relax 
l.509 ...\pi * n}, \tab{0} -\infty < n < \infty$}]
                                                   [33]
Underfull \hbox (badness 10000) in paragraph at lines 512--515

 []


Underfull \hbox (badness 10000) in paragraph at lines 512--515

 []


pdfTeX warning (ext4): destination with the same identifier (name{alfabetTabular.2}) has been already used, duplicate ignored
<to be read again> 
                   \relax 
l.531 ...}[\text{$x[n] = e^{j*0.25*\pi * n}u[n]$}]
                                                   [34]
Underfull \hbox (badness 10000) in paragraph at lines 548--549

 []


Underfull \hbox (badness 10000) in paragraph at lines 548--549

 []


pdfTeX warning (ext4): destination with the same identifier (name{alfabetTabular.3}) has been already used, duplicate ignored
<to be read again> 
                   \relax 
l.568 ... = (-1)^n,\tab{0} -\infty < n < \infty$}]
                                                   [35]
pdfTeX warning (ext4): destination with the same identifier (name{alfabetTabular.4}) has been already used, duplicate ignored
<to be read again> 
                   \relax 
l.588 ...{UnderOpgave}[\text{$x[n] = (-1)^nu[n]$}]
                                                  
Underfull \hbox (badness 10000) in paragraph at lines 594--598

 []

[36]
pdfTeX warning (ext4): destination with the same identifier (name{alfabetTabular.1}) has been already used, duplicate ignored
<to be read again> 
                   \relax 
l.611 ... and check whether the system is stable.]
                                                   [37]
Underfull \hbox (badness 10000) in paragraph at lines 618--619

 []


Underfull \hbox (badness 10000) in paragraph at lines 620--621

 []


pdfTeX warning (ext4): destination with the same identifier (name{alfabetTabular.2}) has been already used, duplicate ignored
<to be read again> 
                   \relax 
l.628 ...the impulse response h[n] of the system}]
                                                  
pdfTeX warning (ext4): destination with the same identifier (name{alfabetTabular.3}) has been already used, duplicate ignored
<to be read again> 
                   \relax 
l.635 ...ne the step response s[n] of the system}]
                                                   [38]
pdfTeX warning (ext4): destination with the same identifier (name{alfabetTabular.4}) has been already used, duplicate ignored
<to be read again> 
                   \relax 
l.652 ...nd (c) and compare with function filter}]
                                                  
Overfull \hbox (117.97813pt too wide) in paragraph at lines 652--652
[][]\OT1/cmr/bx/n/10 d. [] 
 []

<Indhold/Billeder/Opgave 3.15.png, id=474, 493.845pt x 55.20625pt>
File: Indhold/Billeder/Opgave 3.15.png Graphic file (type png)
<use Indhold/Billeder/Opgave 3.15.png>
Package pdftex.def Info: Indhold/Billeder/Opgave 3.15.png  used on input line 663.
(pdftex.def)             Requested size: 444.45638pt x 49.68515pt.
[39 <./Indhold/Billeder/Opgave 3.15.png>]
Overfull \hbox (75.85158pt too wide) in paragraph at lines 687--691
[][] 
 []


Underfull \hbox (badness 10000) in paragraph at lines 687--691

 []


pdfTeX warning (ext4): destination with the same identifier (name{alfabetTabular.1}) has been already used, duplicate ignored
<to be read again> 
                   \relax 
l.693 ...he impulse response h[n] of the system.}]
                                                   [40]
pdfTeX warning (ext4): destination with the same identifier (name{alfabetTabular.2}) has been already used, duplicate ignored
<to be read again> 
                   \relax 
l.709 ...n]$ for the input $x[n] = (1/2)^nu[n]$.}]
                                                   [41]
pdfTeX warning (ext4): destination with the same identifier (name{alfabetTabular.3}) has been already used, duplicate ignored
<to be read again> 
                   \relax 
l.733 ... (a) and (b) using the function filter.}]
                                                  
<Indhold/Billeder/Opgave 3.16.png, id=492, 550.055pt x 42.1575pt>
File: Indhold/Billeder/Opgave 3.16.png Graphic file (type png)
<use Indhold/Billeder/Opgave 3.16.png>
Package pdftex.def Info: Indhold/Billeder/Opgave 3.16.png  used on input line 736.
(pdftex.def)             Requested size: 440.04459pt x 33.72603pt.

Missing character: There is no z in font rsfs7!

Underfull \hbox (badness 10000) in paragraph at lines 746--754

 []

[42 <./Indhold/Billeder/Opgave 3.16.png>]
pdfTeX warning (ext4): destination with the same identifier (name{alfabetTabular.1}) has been already used, duplicate ignored
<to be read again> 
                   \relax 
l.761 ...zero pattern using the function zplane.}]
                                                  
Overfull \hbox (142.15898pt too wide) in paragraph at lines 761--761
[][]\OT1/cmr/bx/n/10 a. [] 
 []


Underfull \hbox (badness 10000) in paragraph at lines 762--763

 []

<Indhold/Billeder/Opgave 3.19 - pzmap.png, id=500, 433.62pt x 433.62pt>
File: Indhold/Billeder/Opgave 3.19 - pzmap.png Graphic file (type png)
<use Indhold/Billeder/Opgave 3.19 - pzmap.png>
Package pdftex.def Info: Indhold/Billeder/Opgave 3.19 - pzmap.png  used on input line 769.
(pdftex.def)             Requested size: 195.1272pt x 195.1272pt.

Underfull \hbox (badness 10000) in paragraph at lines 764--771

 []


Underfull \hbox (badness 10000) in paragraph at lines 764--771

 []


Underfull \hbox (badness 10000) in paragraph at lines 764--771

 []


Underfull \hbox (badness 10000) in paragraph at lines 764--771

 []


LaTeX Warning: `!h' float specifier changed to `!ht'.


pdfTeX warning (ext4): destination with the same identifier (name{alfabetTabular.2}) has been already used, duplicate ignored
<to be read again> 
                   \relax 
l.772 ...mpulse response of the system using impz]
                                                  
<Indhold/Billeder/Opgave 3.19 - Respons.png, id=501, 462.528pt x 346.896pt>
File: Indhold/Billeder/Opgave 3.19 - Respons.png Graphic file (type png)
<use Indhold/Billeder/Opgave 3.19 - Respons.png>
Package pdftex.def Info: Indhold/Billeder/Opgave 3.19 - Respons.png  used on input line 775.
(pdftex.def)             Requested size: 208.13567pt x 156.10175pt.
 [43]
pdfTeX warning (ext4): destination with the same identifier (name{alfabetTabular.3}) has been already used, duplicate ignored
<to be read again> 
                   \relax 
l.778 ...h[n]$ using the pole-zero pattern plot.}]
                                                   [44 <./Indhold/Billeder/Opgave 3.19 - pzmap.png> <./Indhold/Billeder/Opgave 3.19 - Respons.png>]
pdfTeX warning (ext4): destination with the same identifier (name{alfabetTabular.4}) has been already used, duplicate ignored
<to be read again> 
                   \relax 
l.789 ...ation for the description of the system.]
                                                  
Underfull \hbox (badness 10000) in paragraph at lines 797--807

 []

[45]
Overfull \hbox (74.91418pt too wide) in paragraph at lines 807--807
[][][] 
 []


Package hyperref Warning: Token not allowed in a PDF string (Unicode):
(hyperref)                removing `math shift' on input line 807.


Package hyperref Warning: Token not allowed in a PDF string (Unicode):
(hyperref)                removing `math shift' on input line 807.


Package hyperref Warning: Token not allowed in a PDF string (Unicode):
(hyperref)                removing `math shift' on input line 807.


Package hyperref Warning: Token not allowed in a PDF string (Unicode):
(hyperref)                removing `math shift' on input line 807.


LaTeX Warning: Command \textemdash invalid in math mode on input line 809.


LaTeX Warning: Command \textemdash invalid in math mode on input line 809.


LaTeX Warning: Command \textemdash invalid in math mode on input line 809.


LaTeX Warning: Command \textemdash invalid in math mode on input line 809.


pdfTeX warning (ext4): destination with the same identifier (name{alfabetTabular.1}) has been already used, duplicate ignored
<to be read again> 
                   \relax 
l.812 ...mine the z-transform of the input x[n].}]
                                                  
pdfTeX warning (ext4): destination with the same identifier (name{alfabetTabular.2}) has been already used, duplicate ignored
<to be read again> 
                   \relax 
l.821 ... for the impulse response of the system.]
                                                  
Underfull \hbox (badness 10000) in paragraph at lines 822--824

 []


Underfull \hbox (badness 10000) in paragraph at lines 829--831

 []


Underfull \hbox (badness 10000) in paragraph at lines 829--831

 []


Underfull \hbox (badness 10000) in paragraph at lines 829--831

 []

[46] [47] [48] [49

]
pdfTeX warning (ext4): destination with the same identifier (name{alfabetTabular.1}) has been already used, duplicate ignored
<to be read again> 
                   \relax 
l.871 ...{j\omega})$ of the system in terms of b.]
                                                  
pdfTeX warning (ext4): destination with the same identifier (name{alfabetTabular.2}) has been already used, duplicate ignored
<to be read again> 
                   \relax 
l.878 .... Plot the resulting magnitude response.]
                                                  
<Indhold/Billeder/Opgave 5.2.png, id=545, 1092.7224pt x 560.0925pt>
File: Indhold/Billeder/Opgave 5.2.png Graphic file (type png)
<use Indhold/Billeder/Opgave 5.2.png>
Package pdftex.def Info: Indhold/Billeder/Opgave 5.2.png  used on input line 895.
(pdftex.def)             Requested size: 437.08122pt x 224.03302pt.


LaTeX Warning: `!h' float specifier changed to `!ht'.


pdfTeX warning (ext4): destination with the same identifier (name{alfabetTabular.3}) has been already used, duplicate ignored
<to be read again> 
                   \relax 
l.898 ...e unwrapped phase responses in one plot.]
                                                  
pdfTeX warning (ext4): destination with the same identifier (name{alfabetTabular.4}) has been already used, duplicate ignored
<to be read again> 
                   \relax 
l.903 ...the input $x[n] = 2 cos(0.52n + 60¬∞)$.}]
                                                   [50

]

LaTeX Warning: Command \textdegree invalid in math mode on input line 903.


LaTeX Warning: Command \textdegree invalid in math mode on input line 903.

Missing character: There is no ∞ in font cmbx10!

Overfull \hbox (65.66272pt too wide) in paragraph at lines 903--903
[][]\OT1/cmr/bx/n/10 d. [] 
 []


pdfTeX warning (ext4): destination with the same identifier (name{alfabetTabular.5}) has been already used, duplicate ignored
<to be read again> 
                   \relax 
l.907 ...se to x[n] above and verify your result}]
                                                  
Overfull \hbox (112.05214pt too wide) in paragraph at lines 907--907
[][]\OT1/cmr/bx/n/10 e. [] 
 []


pdfTeX warning (ext4): destination with the same identifier (name{alfabetTabular.1}) has been already used, duplicate ignored
<to be read again> 
                   \relax 
l.917 ...{j\omega})$ of the system in terms of b.]
                                                   [51 <./Indhold/Billeder/Opgave 5.2.png>]
pdfTeX warning (ext4): destination with the same identifier (name{alfabetTabular.2}) has been already used, duplicate ignored
<to be read again> 
                   \relax 
l.925 .... Plot the resulting magnitude response.]
                                                  
pdfTeX warning (ext4): destination with the same identifier (name{alfabetTabular.3}) has been already used, duplicate ignored
<to be read again> 
                   \relax 
l.946 ...e unwrapped phase responses in one plot.]
                                                  
File: Indhold/Billeder/Opgave 5.2.png Graphic file (type png)
<use Indhold/Billeder/Opgave 5.2.png>
Package pdftex.def Info: Indhold/Billeder/Opgave 5.2.png  used on input line 947.
(pdftex.def)             Requested size: 491.72054pt x 252.03929pt.
 [52]
pdfTeX warning (ext4): destination with the same identifier (name{alfabetTabular.4}) has been already used, duplicate ignored
<to be read again> 
                   \relax 
l.950 ...the input $x[n] = 2 cos(0.52n + 60¬∞)$.}]
                                                  

LaTeX Warning: Command \textdegree invalid in math mode on input line 950.


LaTeX Warning: Command \textdegree invalid in math mode on input line 950.

Missing character: There is no ∞ in font cmbx10!

Overfull \hbox (65.66272pt too wide) in paragraph at lines 950--950
[][]\OT1/cmr/bx/n/10 d. [] 
 []

[53] [54]
Overfull \hbox (5.74203pt too wide) detected at line 981
           \OML/cmm/m/it/10 e[] \OMS/cmsy/m/n/10 ^^C \OT1/cmr/m/n/10 ([] + [] \OMS/cmsy/m/n/10 ^^@ \OT1/cmr/m/n/10 1))
 []


pdfTeX warning (ext4): destination with the same identifier (name{alfabetTabular.3}) has been already used, duplicate ignored
<to be read again> 
                   \relax 
l.985 ...the input $x[n] = 2 cos(0.52n + 60¬∞)$.}]
                                                  

LaTeX Warning: Command \textdegree invalid in math mode on input line 985.


LaTeX Warning: Command \textdegree invalid in math mode on input line 985.

Missing character: There is no ∞ in font cmbx10!

Overfull \hbox (64.38495pt too wide) in paragraph at lines 985--985
[][]\OT1/cmr/bx/n/10 c. [] 
 []


LaTeX Warning: Command \textdegree invalid in math mode on input line 988.


LaTeX Warning: Command \textdegree invalid in math mode on input line 988.


LaTeX Warning: Command \textdegree invalid in math mode on input line 988.


LaTeX Warning: Command \textdegree invalid in math mode on input line 988.


LaTeX Warning: Command \textdegree invalid in math mode on input line 988.


LaTeX Warning: Command \textdegree invalid in math mode on input line 988.

Missing character: There is no ∞ in font cmr10!
Missing character: There is no ∞ in font cmr7!
Missing character: There is no ∞ in font cmr7!

LaTeX Warning: Command \textdegree invalid in math mode on input line 989.


LaTeX Warning: Command \textdegree invalid in math mode on input line 989.


LaTeX Warning: Command \textdegree invalid in math mode on input line 989.


LaTeX Warning: Command \textdegree invalid in math mode on input line 989.

Missing character: There is no ∞ in font cmr7!
Missing character: There is no ∞ in font cmr7!

LaTeX Warning: Command \textdegree invalid in math mode on input line 990.


LaTeX Warning: Command \textdegree invalid in math mode on input line 990.


LaTeX Warning: Command \textdegree invalid in math mode on input line 990.


LaTeX Warning: Command \textdegree invalid in math mode on input line 990.

Missing character: There is no ∞ in font cmr7!
Missing character: There is no ∞ in font cmr7!

LaTeX Warning: Command \textdegree invalid in math mode on input line 991.


LaTeX Warning: Command \textdegree invalid in math mode on input line 991.


LaTeX Warning: Command \textdegree invalid in math mode on input line 991.


LaTeX Warning: Command \textdegree invalid in math mode on input line 991.

Missing character: There is no ∞ in font cmr7!
Missing character: There is no ∞ in font cmr7!
[55]
pdfTeX warning (ext4): destination with the same identifier (name{alfabetTabular.4}) has been already used, duplicate ignored
<to be read again> 
                   \relax 
l.1023 ...to $x[n]$ above and verify your result}]
                                                  
Overfull \hbox (114.4318pt too wide) in paragraph at lines 1023--1023
[][]\OT1/cmr/bx/n/10 d. [] 
 []


Overfull \hbox (34.68336pt too wide) in paragraph at lines 1026--1026
[][][] 
 []


Package hyperref Warning: Token not allowed in a PDF string (Unicode):
(hyperref)                removing `math shift' on input line 1026.


Package hyperref Warning: Token not allowed in a PDF string (Unicode):
(hyperref)                removing `\@ifnextchar' on input line 1026.


Package hyperref Warning: Token not allowed in a PDF string (Unicode):
(hyperref)                removing `math shift' on input line 1026.


pdfTeX warning (ext4): destination with the same identifier (name{alfabetTabular.1}) has been already used, duplicate ignored
<to be read again> 
                   \relax 
l.1028 ...j\omega)$ of the system in terms of b.}]
                                                  
Overfull \hbox (25.94441pt too wide) in paragraph at lines 1028--1028
[][]\OT1/cmr/bx/n/10 a. [] 
 []

[56]
pdfTeX warning (ext4): destination with the same identifier (name{alfabetTabular.2}) has been already used, duplicate ignored
<to be read again> 
                   \relax 
l.1037 ... Plot the resulting magnitude response.]
                                                  
pdfTeX warning (ext4): destination with the same identifier (name{alfabetTabular.3}) has been already used, duplicate ignored
<to be read again> 
                   \relax 
l.1052 ...nd unwrapped phase response in one plot]
                                                  
File: Indhold/Billeder/Opgave 5.2.png Graphic file (type png)
<use Indhold/Billeder/Opgave 5.2.png>
Package pdftex.def Info: Indhold/Billeder/Opgave 5.2.png  used on input line 1053.
(pdftex.def)             Requested size: 437.08122pt x 224.03302pt.


LaTeX Warning: `!h' float specifier changed to `!ht'.


pdfTeX warning (ext4): destination with the same identifier (name{alfabetTabular.4}) has been already used, duplicate ignored
<to be read again> 
                   \relax 
l.1055 ...nput $x[n] = 2*cos(0.5*pi*n + 60\deg)$}]
                                                  
Overfull \hbox (118.84468pt too wide) in paragraph at lines 1055--1055
[][]\OT1/cmr/bx/n/10 d. [] 
 []


Underfull \hbox (badness 10000) in paragraph at lines 1056--1057

 []


LaTeX Warning: Command \textdegree invalid in math mode on input line 1057.


LaTeX Warning: Command \textdegree invalid in math mode on input line 1057.


LaTeX Warning: Command \textdegree invalid in math mode on input line 1057.


LaTeX Warning: Command \textdegree invalid in math mode on input line 1057.

Missing character: There is no ∞ in font cmr7!
Missing character: There is no ∞ in font cmr7!

LaTeX Warning: Command \textdegree invalid in math mode on input line 1058.


LaTeX Warning: Command \textdegree invalid in math mode on input line 1058.


LaTeX Warning: Command \textdegree invalid in math mode on input line 1058.


LaTeX Warning: Command \textdegree invalid in math mode on input line 1058.

Missing character: There is no ∞ in font cmr7!
Missing character: There is no ∞ in font cmr7!
[57]
pdfTeX warning (ext4): destination with the same identifier (name{alfabetTabular.5}) has been already used, duplicate ignored
<to be read again> 
                   \relax 
l.1073 ...to $x[n]$ above and verify your result}]
                                                  
Overfull \hbox (113.31375pt too wide) in paragraph at lines 1073--1073
[][]\OT1/cmr/bx/n/10 e. [] 
 []

<Indhold/Billeder/Opgave 5.2.e.png, id=601, 1092.7224pt x 561.5379pt>
File: Indhold/Billeder/Opgave 5.2.e.png Graphic file (type png)
<use Indhold/Billeder/Opgave 5.2.e.png>
Package pdftex.def Info: Indhold/Billeder/Opgave 5.2.e.png  used on input line 1074.
(pdftex.def)             Requested size: 458.94028pt x 235.8443pt.

LaTeX Warning: `!h' float specifier changed to `!ht'.

[58] [59 <./Indhold/Billeder/Opgave 5.2.e.png>]
pdfTeX warning (ext4): destination with the same identifier (name{alfabetTabular.1}) has been already used, duplicate ignored
<to be read again> 
                   \relax 
l.1094 ...^nu[n] \rightarrow y[n] = (1/3)^nu[n]$}]
                                                  
pdfTeX warning (ext4): destination with the same identifier (name{alfabetTabular.2}) has been already used, duplicate ignored
<to be read again> 
                   \relax 
l.1112 ...} \rightarrow y[n] = 2 * e^{j\pi n/3}$}]
                                                  
Overfull \hbox (15.13966pt too wide) in paragraph at lines 1107--1112
\OT1/cmr/m/n/10 ved out-put-tet, hvor en p^^Wavirking p^^Wa in-put-tet ikke har den samme di-rekte p^^Wavirkning.
 []

[60]
pdfTeX warning (ext4): destination with the same identifier (name{alfabetTabular.3}) has been already used, duplicate ignored
<to be read again> 
                   \relax 
l.1125 ...w y[n] = \frac{sin(0.5 \pi n)}{\pi n}$}]
                                                   [61]
Underfull \hbox (badness 10000) in paragraph at lines 1160--1162

 []


Underfull \hbox (badness 10000) in paragraph at lines 1160--1162

 []


Underfull \hbox (badness 10000) in paragraph at lines 1160--1162

 []

[62]
pdfTeX warning (ext4): destination with the same identifier (name{alfabetTabular.1}) has been already used, duplicate ignored
<to be read again> 
                   \relax 
l.1165 ...c{1}{M} \sum_{k = 0}^{M - 1} x[n - k]$}]
                                                  
pdfTeX warning (ext4): destination with the same identifier (name{alfabetTabular.2}) has been already used, duplicate ignored
<to be read again> 
                   \relax 
l.1172 ...}{1-1.57z^{-1}+1.264z^{-2}-0.4z^{-3}}$}]
                                                  
<Indhold/Billeder/Opgave 5.16.png, id=630, 1092.7224pt x 560.0925pt>
File: Indhold/Billeder/Opgave 5.16.png Graphic file (type png)
<use Indhold/Billeder/Opgave 5.16.png>
Package pdftex.def Info: Indhold/Billeder/Opgave 5.16.png  used on input line 1176.
(pdftex.def)             Requested size: 437.08122pt x 224.03302pt.
 [63 <./Indhold/Billeder/Opgave 5.16.png>]
pdfTeX warning (ext4): destination with the same identifier (name{alfabetTabular.1}) has been already used, duplicate ignored
<to be read again> 
                   \relax 
l.1187 ...t{h[n] = [1,-2,3,‚Äî4,0,4, ‚Äî3,2, -1]}]
                                                  

LaTeX Warning: Command \textemdash invalid in math mode on input line 1208.


pdfTeX warning (ext4): destination with the same identifier (name{alfabetTabular.2}) has been already used, duplicate ignored
<to be read again> 
                   \relax 
l.1210 ...2z^{-1} + 3z^{-2} + 2z^{-3} + z^{-4})$}]
                                                  
pdfTeX warning (ext4): destination with the same identifier (name{alfabetTabular.3}) has been already used, duplicate ignored
<to be read again> 
                   \relax 
l.1219 ...Opgave}[\text{$h[n] = {1, -1.1756, 1}$}]
                                                   [64

]
pdfTeX warning (ext4): destination with the same identifier (name{alfabetTabular.4}) has been already used, duplicate ignored
<to be read again> 
                   \relax 
l.1236 ..., 0, 3.1605}{1, 0, 0.5625, 0, 0.3164}$}]
                                                   [65]
<Indhold/Billeder/Opgave 5.30.png, id=652, 1092.7224pt x 557.9244pt>
File: Indhold/Billeder/Opgave 5.30.png Graphic file (type png)
<use Indhold/Billeder/Opgave 5.30.png>
Package pdftex.def Info: Indhold/Billeder/Opgave 5.30.png  used on input line 1279.
(pdftex.def)             Requested size: 284.10112pt x 145.05692pt.
 [66 <./Indhold/Billeder/Opgave 5.30.png>]
pdfTeX warning (ext4): destination with the same identifier (name{alfabetTabular.1}) has been already used, duplicate ignored
<to be read again> 
                   \relax 
l.1291 ...mine the impulse response of the filter]
                                                   [67

]
Overfull \hbox (150.9307pt too wide) detected at line 1311
\OML/cmm/m/it/10 h\OT1/cmr/m/n/10 [\OML/cmm/m/it/10 n\OT1/cmr/m/n/10 ] = [][] \OMS/cmsy/m/n/10 ^^C \OT1/cmr/m/n/10 (\OML/cmm/m/it/10 sin\OT1/cmr/m/n/10 (0\OML/cmm/m/it/10 :\OT1/cmr/m/n/10 125\OML/cmm/m/it/10 ^^Y\OT1/cmr/m/n/10 (\OML/cmm/m/it/10 n \OMS/cmsy/m/n/10 ^^@ \OML/cmm/m/it/10 n[]\OT1/cmr/m/n/10 )) \OMS/cmsy/m/n/10 ^^@ \OML/cmm/m/it/10 sin\OT1/cmr/m/n/10 (0\OML/cmm/m/it/10 :\OT1/cmr/m/n/10 250\OML/cmm/m/it/10 ^^Y\OT1/cmr/m/n/10 (\OML/cmm/m/it/10 n \OMS/cmsy/m/n/10 ^^@ \OML/cmm/m/it/10 n[]\OT1/cmr/m/n/10 ))) + [][] \OMS/cmsy/m/n/10 ^^C \OT1/cmr/m/n/10 (\OML/cmm/m/it/10 sin\OT1/cmr/m/n/10 (0\OML/cmm/m/it/10 :\OT1/cmr/m/n/10 875\OML/cmm/m/it/10 ^^Y\OT1/cmr/m/n/10 (\OML/cmm/m/it/10 n \OMS/cmsy/m/n/10 ^^@ \OML/cmm/m/it/10 n[]\OT1/cmr/m/n/10 )) \OMS/cmsy/m/n/10 ^^@ \OML/cmm/m/it/10 sin\OT1/cmr/m/n/10 (0\OML/cmm/m/it/10 :\OT1/cmr/m/n/10 625\OML/cmm/m/it/10 ^^Y\OT1/cmr/m/n/10 (\OML/cmm/m/it/10 n \OMS/cmsy/m/n/10 ^^@ \OML/cmm/m/it/10 n[]\OT1/cmr/m/n/10 )))
 []


Overfull \hbox (118.95975pt too wide) detected at line 1312
\OML/cmm/m/it/10 h\OT1/cmr/m/n/10 [\OML/cmm/m/it/10 n\OT1/cmr/m/n/10 ] = [][] \OMS/cmsy/m/n/10 ^^C \OT1/cmr/m/n/10 (\OML/cmm/m/it/10 sin\OT1/cmr/m/n/10 (0\OML/cmm/m/it/10 :\OT1/cmr/m/n/10 125\OML/cmm/m/it/10 ^^Y\OT1/cmr/m/n/10 (\OML/cmm/m/it/10 n \OMS/cmsy/m/n/10 ^^@ \OML/cmm/m/it/10 n[]\OT1/cmr/m/n/10 )) \OMS/cmsy/m/n/10 ^^@ \OML/cmm/m/it/10 sin\OT1/cmr/m/n/10 (0\OML/cmm/m/it/10 :\OT1/cmr/m/n/10 250\OML/cmm/m/it/10 ^^Y\OT1/cmr/m/n/10 (\OML/cmm/m/it/10 n \OMS/cmsy/m/n/10 ^^@ \OML/cmm/m/it/10 n[]\OT1/cmr/m/n/10 )) + 0\OML/cmm/m/it/10 :\OT1/cmr/m/n/10 5\OML/cmm/m/it/10 sin\OT1/cmr/m/n/10 (0\OML/cmm/m/it/10 :\OT1/cmr/m/n/10 875\OML/cmm/m/it/10 ^^Y\OT1/cmr/m/n/10 (\OML/cmm/m/it/10 n \OMS/cmsy/m/n/10 ^^@ \OML/cmm/m/it/10 n[]\OT1/cmr/m/n/10 )) \OMS/cmsy/m/n/10 ^^@ \OT1/cmr/m/n/10 0\OML/cmm/m/it/10 :\OT1/cmr/m/n/10 5\OML/cmm/m/it/10 sin\OT1/cmr/m/n/10 (0\OML/cmm/m/it/10 :\OT1/cmr/m/n/10 625\OML/cmm/m/it/10 ^^Y\OT1/cmr/m/n/10 (\OML/cmm/m/it/10 n \OMS/cmsy/m/n/10 ^^@ \OML/cmm/m/it/10 n[]\OT1/cmr/m/n/10 )))
 []

[68]
pdfTeX warning (ext4): destination with the same identifier (name{alfabetTabular.2}) has been already used, duplicate ignored
<to be read again> 
                   \relax 
l.1320 ...for $n_d = 0$ for $-100\leq n \leq 100$]
                                                  
<Indhold/Billeder/Opgave 5.31b.png, id=669, 1092.7224pt x 561.5379pt>
File: Indhold/Billeder/Opgave 5.31b.png Graphic file (type png)
<use Indhold/Billeder/Opgave 5.31b.png>
Package pdftex.def Info: Indhold/Billeder/Opgave 5.31b.png  used on input line 1321.
(pdftex.def)             Requested size: 327.81924pt x 168.46266pt.

pdfTeX warning (ext4): destination with the same identifier (name{alfabetTabular.3}) has been already used, duplicate ignored
<to be read again> 
                   \relax 
l.1324 ...pare it with the ideal filter response.]
                                                  
<Indhold/Billeder/Opgave 5.31c.png, id=670, 1092.7224pt x 561.5379pt>
File: Indhold/Billeder/Opgave 5.31c.png Graphic file (type png)
<use Indhold/Billeder/Opgave 5.31c.png>
Package pdftex.def Info: Indhold/Billeder/Opgave 5.31c.png  used on input line 1325.
(pdftex.def)             Requested size: 382.45857pt x 196.5412pt.

Overfull \hbox (4.95425pt too wide) in paragraph at lines 1327--1334
[]\OT1/cmr/m/n/10 Synes jeg at re-sul-tatet giver mening? Det synes jeg vel egentlig. Frekvensspek-
 []

[69

 <./Indhold/Billeder/Opgave 5.31b.png> <./Indhold/Billeder/Opgave 5.31c.png>]
pdfTeX warning (ext4): destination with the same identifier (name{alfabetTabular.1}) has been already used, duplicate ignored
<to be read again> 
                   \relax 
l.1338 ...ave}[\text{$y[n] = x[n]-\alpha x[n-1]$}]
                                                  
pdfTeX warning (ext4): destination with the same identifier (name{alfabetTabular.2}) has been already used, duplicate ignored
<to be read again> 
                   \relax 
l.1354 ...pgave}[\text{$y[n]=\alpha y[n-1]+x[n]$}]
                                                   [70]
pdfTeX warning (ext4): destination with the same identifier (name{alfabetTabular.3}) has been already used, duplicate ignored
<to be read again> 
                   \relax 
l.1369 ...\cos\phi y[n-1]-\alpha^{2}y[n-2]+x[n]$}]
                                                  
pdfTeX warning (ext4): destination with the same identifier (name{alfabetTabular.1}) has been already used, duplicate ignored
<to be read again> 
                   \relax 
l.1378 ...d then compute its system function H(z)]
                                                  
Underfull \hbox (badness 10000) in paragraph at lines 1374--1378

 []

[71]
pdfTeX warning (ext4): destination with the same identifier (name{alfabetTabular.2}) has been already used, duplicate ignored
<to be read again> 
                   \relax 
l.1398 ...ilter and verify the given requirements]
                                                  
Underfull \hbox (badness 10000) in paragraph at lines 1406--1407

 []


Underfull \hbox (badness 10000) in paragraph at lines 1413--1418

 []

[72]
Underfull \hbox (badness 10000) in paragraph at lines 1423--1424

 []


Underfull \hbox (badness 10000) in paragraph at lines 1423--1424

 []

<Indhold/Billeder/Opgave 5.48.png, id=699, 1092.7224pt x 561.5379pt>
File: Indhold/Billeder/Opgave 5.48.png Graphic file (type png)
<use Indhold/Billeder/Opgave 5.48.png>
Package pdftex.def Info: Indhold/Billeder/Opgave 5.48.png  used on input line 1427.
(pdftex.def)             Requested size: 710.26115pt x 364.99532pt.

Underfull \hbox (badness 10000) in paragraph at lines 1425--1428

 []


LaTeX Warning: `!h' float specifier changed to `!ht'.


Underfull \hbox (badness 10000) in paragraph at lines 1430--1432

 []


Overfull \hbox (56.18813pt too wide) in paragraph at lines 1433--1439
\OT1/cmr/m/n/10 Fase forsinkelsen? $\OMS/cmsy/m/n/10 ^^@[]$\OT1/cmr/m/n/10 . Fasen falder i alt omkring $500 [] \OMS/cmsy/m/n/10 ^^Y \OT1/cmr/m/n/10 8\OML/cmm/m/it/10 :\OT1/cmr/m/n/10 72\OML/cmm/m/it/10 rad;  faseforsinkelse \OMS/cmsy/m/n/10 ^^Y
 []


Underfull \hbox (badness 10000) in paragraph at lines 1433--1439

 []


Overfull \hbox (0.70717pt too wide) in paragraph at lines 1440--1446
\OT1/cmr/m/n/10 forsinkelse? Fasen falder i alt omkring $1400 [] \OMS/cmsy/m/n/10 ^^Y \OT1/cmr/m/n/10 22\OML/cmm/m/it/10 :\OT1/cmr/m/n/10 5\OML/cmm/m/it/10 rad;  faseforsinkelse \OMS/cmsy/m/n/10 ^^Y
 []


Underfull \hbox (badness 10000) in paragraph at lines 1440--1446

 []

[73]
Underfull \hbox (badness 10000) in paragraph at lines 1447--1449

 []

[74 <./Indhold/Billeder/Opgave 5.48.png>]
Underfull \hbox (badness 10000) in paragraph at lines 1450--1457

 []


Underfull \hbox (badness 10000) in paragraph at lines 1458--1461

 []


Underfull \hbox (badness 10000) in paragraph at lines 1458--1461

 []


Overfull \hbox (5.79703pt too wide) in paragraph at lines 1462--1464
[]\OT1/cmr/m/n/10 Matematisk in-tu-ition til det fork-lar-ing af fasernes p^^Wavirkning. Fase-forsinkelsen
 []


Underfull \hbox (badness 10000) in paragraph at lines 1466--1470

 []

[75]
<Indhold/Billeder/Opgave 5.48.2.png, id=716, 1092.7224pt x 565.1514pt>
File: Indhold/Billeder/Opgave 5.48.2.png Graphic file (type png)
<use Indhold/Billeder/Opgave 5.48.2.png>
Package pdftex.def Info: Indhold/Billeder/Opgave 5.48.2.png  used on input line 1487.
(pdftex.def)             Requested size: 600.99919pt x 310.83423pt.


LaTeX Warning: `!h' float specifier changed to `!ht'.

) [76] [77 <./Indhold/Billeder/Opgave 5.48.2.png>] (build/Opl√¶sning.aux)
 ***********
LaTeX2e <2023-11-01> patch level 1
L3 programming layer <2024-02-20>
 ***********


LaTeX Warning: There were multiply-defined labels.

Package rerunfilecheck Info: File `Opl√¶sning.out' has not changed.
(rerunfilecheck)             Checksum: E2A1E798F0D9572C39ECDDFECA0A3FC8;10426.
 ) 
Here is how much of TeX's memory you used:
 26720 strings out of 474116
 553907 string characters out of 5743683
 1945187 words of memory out of 5000000
 48382 multiletter control sequences out of 15000+600000
 570045 words of font info for 83 fonts, out of 8000000 for 9000
 1141 hyphenation exceptions out of 8191
 94i,12n,106p,845b,1057s stack positions out of 10000i,1000n,20000p,200000b,200000s
</usr/local/texlive/2024/texmf-dist/fonts/type1/public/amsfonts/cm/cmbsy10.pfb></usr/local/texlive/2024/texmf-dist/fonts/type1/public/amsfonts/cmextra/cmbsy5.pfb></usr/local/texlive/2024/texmf-dist/fonts/type1/public/amsfonts/cmextra/cmbsy7.pfb></usr/local/texlive/2024/texmf-dist/fonts/type1/public/amsfonts/cm/cmbx10.pfb></usr/local/texlive/2024/texmf-dist/fonts/type1/public/amsfonts/cm/cmbx12.pfb></usr/local/texlive/2024/texmf-dist/fonts/type1/public/amsfonts/cm/cmbx5.pfb></usr/local/texlive/2024/texmf-dist/fonts/type1/public/amsfonts/cm/cmbx7.pfb></usr/local/texlive/2024/texmf-dist/fonts/type1/public/amsfonts/cm/cmex10.pfb></usr/local/texlive/2024/texmf-dist/fonts/type1/public/amsfonts/cm/cmmi10.pfb></usr/local/texlive/2024/texmf-dist/fonts/type1/public/amsfonts/cm/cmmi12.pfb></usr/local/texlive/2024/texmf-dist/fonts/type1/public/amsfonts/cm/cmmi5.pfb></usr/local/texlive/2024/texmf-dist/fonts/type1/public/amsfonts/cm/cmmi7.pfb></usr/local/texlive/2024/texmf-dist/fonts/type1/public/amsfonts/cm/cmmib10.pfb></usr/local/texlive/2024/texmf-dist/fonts/type1/public/amsfonts/cmextra/cmmib7.pfb></usr/local/texlive/2024/texmf-dist/fonts/type1/public/amsfonts/cm/cmr10.pfb></usr/local/texlive/2024/texmf-dist/fonts/type1/public/amsfonts/cm/cmr12.pfb></usr/local/texlive/2024/texmf-dist/fonts/type1/public/amsfonts/cm/cmr17.pfb></usr/local/texlive/2024/texmf-dist/fonts/type1/public/amsfonts/cm/cmr5.pfb></usr/local/texlive/2024/texmf-dist/fonts/type1/public/amsfonts/cm/cmr7.pfb></usr/local/texlive/2024/texmf-dist/fonts/type1/public/amsfonts/cm/cmsy10.pfb></usr/local/texlive/2024/texmf-dist/fonts/type1/public/amsfonts/cm/cmsy5.pfb></usr/local/texlive/2024/texmf-dist/fonts/type1/public/amsfonts/cm/cmsy7.pfb></usr/local/texlive/2024/texmf-dist/fonts/type1/public/amsfonts/symbols/msam10.pfb></usr/local/texlive/2024/texmf-dist/fonts/type1/public/amsfonts/symbols/msam7.pfb></usr/local/texlive/2024/texmf-dist/fonts/type1/public/amsfonts/symbols/msbm10.pfb></usr/local/texlive/2024/texmf-dist/fonts/type1/public/rsfs/rsfs7.pfb>
Output written on build/Opl√¶sning.pdf (77 pages, 2159816 bytes).
PDF statistics:
 891 PDF objects out of 1000 (max. 8388607)
 699 compressed objects within 7 object streams
 245 named destinations out of 1000 (max. 500000)
 438 words of extra memory for PDF output out of 10000 (max. 10000000)

