\BOOKMARK [1][-]{section*.2}{\376\377\000O\000p\000g\000a\000v\000e\000r}{}% 1
\BOOKMARK [2][-]{section*.5}{\376\377\000O\000p\000g\000a\000v\000e\000\040\000t\000i\000l\000\040\000k\000a\000p\000i\000t\000e\000l\000\040\0002\000\040\000-\000\040\000C\000o\000n\000v\000o\000l\000u\000t\000i\000o\000n\000\040\000p\000l\000o\000t}{section*.2}% 2
\BOOKMARK [2][-]{section*.6}{\376\377\000O\000p\000g\000a\000v\000e\000\040\0002\000.\0001\000\040\000-\000\040\000P\000l\000o\000t\000s\000\040\000a\000f\000\040\000f\000u\000n\000k\000t\000i\000o\000n\000e\000r}{section*.2}% 3
\BOOKMARK [2][-]{section*.7}{\376\377\000O\000p\000g\000a\000v\000e\000\040\0002\000.\0003\000\040\000-\000\040\000T\000i\000d\000s\000f\000o\000r\000s\000i\000n\000k\000e\000l\000s\000e\000r\000\040\000o\000g\000\040\000t\000i\000d\000s\000m\000o\000d\000s\000\346\000t\000n\000i\000n\000g\000e\000r}{section*.2}% 4
\BOOKMARK [2][-]{section*.8}{\376\377\000O\000p\000g\000a\000v\000e\000\040\0002\000.\0004\000\040\000-\000\040\000S\000e\000k\000v\000e\000n\000s\000e\000r}{section*.2}% 5
\BOOKMARK [2][-]{section*.9}{\376\377\000O\000p\000g\000a\000v\000e\000\040\0002\000.\0005\000\040\000-\000\040\000P\000e\000r\000i\000o\000d\000i\000c\000i\000t\000e\000t\000\040\000i\000\040\000s\000i\000g\000n\000a\000l\000e\000r}{section*.2}% 6
\BOOKMARK [2][-]{section*.13}{\376\377\000O\000p\000g\000a\000v\000e\000\040\0002\000.\0001\0001\000\040\000-\000\040\000E\000g\000e\000n\000s\000k\000a\000b\000e\000r\000\040\000i\000\040\000k\000o\000n\000v\000o\000l\000u\000t\000i\000o\000n\000\040\000t\000i\000l\000\040\000a\000t\000\040\000f\000i\000n\000d\000e\000\040\000y\000\040\000u\000d\000e\000n\000\040\000x\000\040\000\050\000V\000i\000g\000t\000i\000g\000\040\000\051}{section*.2}% 7
\BOOKMARK [2][-]{section*.16}{\376\377\000O\000p\000g\000a\000v\000e\000\040\0002\000.\0001\0007\000\040\000-\000\040\000A\000\040\000d\000i\000s\000c\000r\000e\000t\000e\000-\000T\000i\000m\000e\000\040\000s\000y\000s\000t\000e\000m\000\040\000b\000y\000\040\000d\000i\000f\000f\000e\000r\000e\000n\000c\000e\000\040\000e\000q\000u\000a\000t\000i\000o\000n}{section*.2}% 8
\BOOKMARK [2][-]{section*.21}{\376\377\000O\000p\000g\000a\000v\000e\000\040\0002\000.\0001\0009\000\040\000-\000\040\000R\000e\000c\000u\000r\000s\000i\000v\000e\000\040\000f\000i\000l\000t\000e\000r\000\040\000p\000\345\000\040\000l\000y\000d\000f\000i\000l}{section*.2}% 9
\BOOKMARK [2][-]{section*.23}{\376\377\000O\000p\000g\000a\000v\000e\000\040\0002\000.\0003\0003\000\040\000-\000\040\000F\000i\000l\000t\000r\000e\000r\000\040\000g\000i\000v\000n\000e\000\040\000s\000i\000g\000n\000a\000l\000e\000r}{section*.2}% 10
\BOOKMARK [2][-]{section*.27}{\376\377\000O\000p\000g\000a\000v\000e\000\040\0002\000.\0004\0000\000\040\000-\000\040\000S\000y\000s\000t\000e\000m\000\040\000e\000g\000e\000n\000s\000k\000a\000b\000e\000r\000\040\000u\000d\000\040\000f\000r\000a\000\040\000d\000i\000f\000f\000e\000r\000e\000n\000s\000\040\000l\000i\000g\000n\000i\000n\000g}{section*.2}% 11
\BOOKMARK [2][-]{section*.28}{\376\377\000O\000p\000g\000a\000v\000e\000\040\0002\000.\0005\0000\000\040\000-\000\040\000R\000e\000c\000u\000r\000s\000i\000v\000e\000\040\000S\000y\000s\000t\000e\000m}{section*.2}% 12
\BOOKMARK [2][-]{section*.34}{\376\377\000O\000p\000g\000a\000v\000e\000\040\0003\000.\0001\000\040\000-\000\040\000D\000e\000t\000e\000r\000m\000i\000n\000e\000\040\000t\000h\000e\000\040\000z\000-\000t\000r\000a\000n\000s\000f\000o\000r\000m\000\040\000a\000n\000d\000\040\000s\000k\000e\000t\000c\000h\000\040\000t\000h\000e\000\040\000p\000o\000l\000e\000-\000z\000e\000r\000o\000\040\000p\000l\000o\000t\000\040\000w\000i\000t\000h\000\040\000t\000h\000e\000\040\000R\000O\000C\000\040\000f\000o\000r\000\040\000e\000a\000c\000h\000\040\000o\000f\000\040\000t\000h\000e\000\040\000f\000o\000l\000l\000o\000w\000i\000n\000g\000\040\000s\000e\000q\000u\000e\000n\000c\000e\000s}{section*.2}% 13
\BOOKMARK [2][-]{section*.39}{\376\377\000O\000p\000g\000a\000v\000e\000\040\0003\000.\0003\000\040\000-\000\040\000B\000e\000v\000i\000s\000\040\000d\000e\000t\000\040\000f\000\370\000l\000g\000e\000n\000d\000e\000\040\000z\000\040\000t\000r\000a\000n\000s\000f\000o\000r\000m\000e\000r\000e\000d\000e\000\040\000p\000a\000r\000\040\000\045\000\040\000f\000o\000r\000k\000e\000r\000t}{section*.2}% 14
\BOOKMARK [2][-]{section*.40}{\376\377\000O\000p\000g\000a\000v\000e\000\040\0003\000.\0004\000\040\000-\000\040\000P\000a\000r\000t\000i\000a\000l\000\040\000f\000r\000a\000c\000t\000i\000o\000n\000\040\000t\000i\000l\000\040\000i\000n\000v\000e\000r\000s\000e\000\040\000Z\000\040\000t\000r\000a\000n\000s\000f\000o\000r\000m\000a\000t\000i\000o\000n}{section*.2}% 15
\BOOKMARK [2][-]{section*.41}{}{section*.2}% 16
\BOOKMARK [2][-]{section*.48}{\376\377\000O\000p\000g\000a\000v\000e\000\040\0003\000.\0006\000\040\000-\000\040\000Z\000-\000t\000r\000a\000n\000s\000f\000o\000r\000m\000\040\000u\000d\000\040\000f\000r\000a\000\040\000e\000g\000e\000n\000s\000k\000a\000b\000e\000r}{section*.2}% 17
\BOOKMARK [2][-]{section*.55}{\376\377\000O\000p\000g\000a\000v\000e\000\040\0003\000.\0001\0001\000\040\000-\000\040\000B\000e\000r\000e\000g\000n\000\040\000k\000o\000n\000v\000o\000l\000u\000t\000i\000o\000n\000e\000n}{section*.2}% 18
\BOOKMARK [2][-]{section*.58}{\376\377\000O\000p\000g\000a\000v\000e\000\040\0003\000.\0001\0004\000\040\000-\000\040\000G\000i\000v\000e\000n\000\040\000a\000\040\000c\000a\000u\000s\000a\000l\000\040\000s\000y\000s\000t\000e\000m\000,\000\040\000c\000o\000m\000p\000u\000t\000e\000\040\000i\000t\000s\000\040\000r\000e\000s\000p\000o\000n\000s\000e\000\040\000t\000o\000\040\000i\000n\000p\000u\000t\000s}{section*.2}% 19
\BOOKMARK [2][-]{section*.63}{\376\377\000O\000p\000g\000a\000v\000e\000\040\0003\000.\0001\0005\000\040\000-\000\040\000C\000o\000n\000s\000i\000d\000e\000r\000\040\000a\000\040\000L\000T\000I\000\040\000d\000e\000s\000c\000r\000i\000b\000e\000d\000\040\000b\000y\000\040\000d\000i\000f\000f\000e\000r\000e\000n\000s\000e\000q\000u\000a\000t\000i\000o\000n}{section*.2}% 20
\BOOKMARK [2][-]{section*.68}{\376\377\000O\000p\000g\000a\000v\000e\000\040\0003\000.\0001\0006\000\040\000-\000\040\000R\000e\000s\000p\000o\000n\000s\000e\000\040\000o\000f\000\040\000a\000\040\000L\000T\000I\000\040\000s\000y\000s\000t\000e\000m}{section*.2}% 21
\BOOKMARK [2][-]{section*.72}{\376\377\000O\000p\000g\000a\000v\000e\000\040\0003\000.\0001\0009\000\040\000-\000\040\000C\000o\000n\000s\000i\000d\000e\000r\000\040\000a\000\040\000c\000a\000u\000s\000a\000l\000\040\000L\000T\000I\000\040\000s\000y\000s\000t\000e\000m}{section*.2}% 22
\BOOKMARK [2][-]{section*.77}{\376\377\000O\000p\000g\000a\000v\000e\000\040\0003\000.\0002\0000\000\040\000-\000\040\000C\000o\000n\000s\000i\000d\000e\000r\000\040\000a\000\040\000c\000a\000u\000s\000a\000l\000\040\000s\000y\000s\000t\000e\000m\000\040\000w\000i\000t\000h\000\040\000i\000n\000p\000u\000t\000\040\000x\000[\000n\000]\000\040\000a\000n\000d\000\040\000o\000u\000t\000p\000u\000t\000\040\000y\000[\000n\000]}{section*.2}% 23
\BOOKMARK [2][-]{section*.82}{}{section*.2}% 24
\BOOKMARK [2][-]{section*.83}{\376\377\000O\000p\000g\000a\000v\000e\000\040\0005\000.\0002\000\040\000-\000\040\000L\000T\000I\000\040\000s\000y\000s\000t\000e\000m\000\040\000u\000d\000\040\000f\000r\000a\000\040\000d\000i\000f\000f\000e\000r\000e\000n\000s\000l\000i\000g\000n\000i\000n\000g}{section*.2}% 25
\BOOKMARK [2][-]{section*.89}{\376\377\000O\000p\000g\000a\000v\000e\000\040\0005\000.\0002\000\040\000-\000\040\000L\000T\000I\000\040\000s\000y\000s\000t\000e\000m\000\040\000u\000d\000\040\000f\000r\000a\000\040\000d\000i\000f\000f\000e\000r\000e\000n\000s\000l\000i\000g\000n\000i\000n\000g\000\040\000\050\000n\000y\000\051}{section*.2}% 26
\BOOKMARK [2][-]{section*.93}{}{section*.2}% 27
\BOOKMARK [2][-]{section*.97}{\376\377\000O\000p\000g\000a\000v\000e\000\040\0005\000.\0002\000\040\000-\000\040\000L\000T\000I\000\040\000s\000y\000s\000t\000e\000m\000\040\000u\000d\000\040\000f\000r\000a\000\040\000d\000i\000f\000f\000e\000r\000e\000n\000s\000l\000i\000g\000n\000i\000n\000g\000\040\000\050\000n\000y\000\040\000n\000y\000\040\000v\000i\000g\000t\000i\000g\000\040\000\051}{section*.2}% 28
\BOOKMARK [2][-]{section*.103}{\376\377\000O\000p\000g\000a\000v\000e\000\040\0005\000.\0004\000\040\000-\000\040\000G\000i\000v\000e\000t\000\040\000y\000\040\000o\000g\000\040\000x\000\040\000k\000a\000n\000\040\000j\000e\000g\000\040\000s\000i\000g\000e\000,\000\040\000a\000t\000\040\000d\000e\000t\000\040\000e\000r\000\040\000e\000t\000\040\000L\000T\000I\000\040\000s\000y\000s\000t\000e\000m\000?\000\040\000m\000m\000.\000.\000.}{section*.2}% 29
\BOOKMARK [2][-]{section*.107}{\376\377\000O\000p\000g\000a\000v\000e\000\040\0005\000.\0001\0006\000\040\000-\000\040\000M\000o\000d\000u\000l\000a\000t\000i\000o\000n\000\040\000t\000i\000l\000\040\000a\000t\000\040\000v\000i\000s\000e\000\040\000a\000t\000\040\000e\000n\000\040\000l\000a\000v\000p\000a\000s\000s\000\040\000k\000a\000n\000\040\000b\000l\000i\000v\000e\000\040\000t\000i\000l\000\040\000e\000t\000\040\000h\000\370\000j\000p\000a\000s\000s\000\040\000f\000i\000l\000t\000e\000r}{section*.2}% 30
\BOOKMARK [2][-]{section*.110}{\376\377\000O\000p\000g\000a\000v\000e\000\040\0005\000.\0003\0000\000\040\000-\000\040\000C\000o\000n\000s\000i\000d\000e\000r\000\040\000a\000\040\000s\000i\000g\000n\000a\000l}{section*.2}% 31
\BOOKMARK [2][-]{section*.115}{\376\377\000O\000p\000g\000a\000v\000e\000\040\0005\000.\0003\0001\000\040\000-\000\040\000B\000\345\000n\000d\000p\000a\000s\000s}{section*.2}% 32
\BOOKMARK [2][-]{section*.119}{\376\377\000O\000p\000g\000a\000v\000e\000\040\0005\000.\0003\0005\000\040\000-\000\040\000G\000r\000u\000p\000p\000e\000\040\000f\000o\000r\000s\000i\000n\000k\000e\000l\000s\000e}{section*.2}% 33
\BOOKMARK [2][-]{section*.123}{\376\377\000O\000p\000g\000a\000v\000e\000\040\0005\000.\0003\0008\000\040\000-\000\040\000F\000i\000l\000t\000e\000r\000\040\000d\000e\000s\000i\000g\000n\000\040\000u\000d\000\040\000f\000r\000a\000\040\000\370\000n\000s\000k\000e\000r}{section*.2}% 34
\BOOKMARK [2][-]{section*.126}{\376\377\000O\000p\000g\000a\000v\000e\000\040\0005\000.\0004\0008\000\040\000-\000\040\000S\000y\000s\000t\000e\000m\000s\000\040\000i\000n\000d\000v\000i\000r\000k\000n\000i\000n\000g\000\040\000p\000\345\000\040\000s\000i\000g\000n\000a\000l}{section*.2}% 35
